TN:
SF:/home/john/cse701/roc/include/vectorf.hpp
FN:69,_ZN7vectorfIdE4dataEv
FNDA:100,_ZN7vectorfIdE4dataEv
FN:98,_ZN7vectorfIdEC2ERKm
FNDA:0,_ZN7vectorfIdEC2ERKm
FN:106,_ZN7vectorfIdEC2ERKSt6vectorIdSaIdEE
FNDA:0,_ZN7vectorfIdEC2ERKSt6vectorIdSaIdEE
FN:165,_ZNK7vectorfIdE8get_sizeEv
FNDA:0,_ZNK7vectorfIdE8get_sizeEv
FN:172,_ZN7vectorfIdEclERKm
FNDA:2350,_ZN7vectorfIdEclERKm
FN:179,_ZNK7vectorfIdEclERKm
FNDA:4999,_ZNK7vectorfIdEclERKm
DA:69,100
DA:98,0
DA:100,0
DA:101,0
DA:102,0
DA:103,0
DA:106,0
DA:108,0
DA:109,0
DA:110,0
DA:111,0
DA:112,0
DA:165,0
DA:167,0
DA:172,2350
DA:174,2350
DA:179,4999
DA:181,4999
end_of_record
SF:/usr/include/c++/9/cmath
FN:619,_ZSt5isnand
FNDA:0,_ZSt5isnand
DA:619,0
DA:620,0
end_of_record
SF:/usr/include/c++/9/bits/stl_iterator_base_types.h
FN:205,_ZSt19__iterator_categoryIPcENSt15iterator_traitsIT_E17iterator_categoryERKS2_
FNDA:0,_ZSt19__iterator_categoryIPcENSt15iterator_traitsIT_E17iterator_categoryERKS2_
FN:205,_ZSt19__iterator_categoryIPKcENSt15iterator_traitsIT_E17iterator_categoryERKS3_
FNDA:0,_ZSt19__iterator_categoryIPKcENSt15iterator_traitsIT_E17iterator_categoryERKS3_
DA:205,0
DA:206,0
DA:205,0
DA:206,0
end_of_record
SF:/usr/include/c++/9/iostream
end_of_record
SF:/usr/include/c++/9/bits/stl_vector.h
FN:915,_ZNKSt6vectorIdSaIdEE4sizeEv
FNDA:0,_ZNKSt6vectorIdSaIdEE4sizeEv
FN:1058,_ZNKSt6vectorIdSaIdEEixEm
FNDA:0,_ZNKSt6vectorIdSaIdEEixEm
DA:915,0
DA:916,0
DA:1058,0
DA:1061,0
end_of_record
SF:/usr/include/c++/9/ext/new_allocator.h
FN:80,_ZN9__gnu_cxx13new_allocatorIcEC2Ev
FNDA:0,_ZN9__gnu_cxx13new_allocatorIcEC2Ev
FN:83,_ZN9__gnu_cxx13new_allocatorIcEC2ERKS1_
FNDA:0,_ZN9__gnu_cxx13new_allocatorIcEC2ERKS1_
FN:89,_ZN9__gnu_cxx13new_allocatorIcED2Ev
FNDA:0,_ZN9__gnu_cxx13new_allocatorIcED2Ev
DA:80,0
DA:83,0
DA:89,0
end_of_record
SF:/usr/include/c++/9/bits/basic_string.h
FN:243,_ZNSt7__cxx1112basic_stringIcSt11char_traitsIcESaIcEE16_M_construct_auxIPcEEvT_S7_St12__false_type
FNDA:0,_ZNSt7__cxx1112basic_stringIcSt11char_traitsIcESaIcEE16_M_construct_auxIPcEEvT_S7_St12__false_type
FN:243,_ZNSt7__cxx1112basic_stringIcSt11char_traitsIcESaIcEE16_M_construct_auxIPKcEEvT_S8_St12__false_type
FNDA:0,_ZNSt7__cxx1112basic_stringIcSt11char_traitsIcESaIcEE16_M_construct_auxIPKcEEvT_S8_St12__false_type
FN:263,_ZNSt7__cxx1112basic_stringIcSt11char_traitsIcESaIcEE12_M_constructIPcEEvT_S7_
FNDA:0,_ZNSt7__cxx1112basic_stringIcSt11char_traitsIcESaIcEE12_M_constructIPcEEvT_S7_
FN:263,_ZNSt7__cxx1112basic_stringIcSt11char_traitsIcESaIcEE12_M_constructIPKcEEvT_S8_
FNDA:0,_ZNSt7__cxx1112basic_stringIcSt11char_traitsIcESaIcEE12_M_constructIPKcEEvT_S8_
FN:525,_ZNSt7__cxx1112basic_stringIcSt11char_traitsIcESaIcEEC2IS3_EEPKcRKS3_
FNDA:0,_ZNSt7__cxx1112basic_stringIcSt11char_traitsIcESaIcEEC2IS3_EEPKcRKS3_
FN:625,_ZNSt7__cxx1112basic_stringIcSt11char_traitsIcESaIcEEC2IPcvEET_S7_RKS3_
FNDA:0,_ZNSt7__cxx1112basic_stringIcSt11char_traitsIcESaIcEEC2IPcvEET_S7_RKS3_
FN:6097,_ZStplIcSt11char_traitsIcESaIcEENSt7__cxx1112basic_stringIT_T0_T1_EEOS8_S9_
FNDA:0,_ZStplIcSt11char_traitsIcESaIcEENSt7__cxx1112basic_stringIT_T0_T1_EEOS8_S9_
FN:6109,_ZStplIcSt11char_traitsIcESaIcEENSt7__cxx1112basic_stringIT_T0_T1_EEPKS5_OS8_
FNDA:0,_ZStplIcSt11char_traitsIcESaIcEENSt7__cxx1112basic_stringIT_T0_T1_EEPKS5_OS8_
FN:6121,_ZStplIcSt11char_traitsIcESaIcEENSt7__cxx1112basic_stringIT_T0_T1_EEOS8_PKS5_
FNDA:0,_ZStplIcSt11char_traitsIcESaIcEENSt7__cxx1112basic_stringIT_T0_T1_EEOS8_PKS5_
FN:6546,_ZNSt7__cxx119to_stringEi
FNDA:0,_ZNSt7__cxx119to_stringEi
FN:6562,_ZNSt7__cxx119to_stringEm
FNDA:0,_ZNSt7__cxx119to_stringEm
FN:6589,_ZNSt7__cxx119to_stringEd
FNDA:5,_ZNSt7__cxx119to_stringEd
DA:243,0
DA:247,0
DA:248,0
DA:243,0
DA:247,0
DA:248,0
DA:263,0
DA:266,0
DA:267,0
DA:263,0
DA:266,0
DA:267,0
DA:525,0
DA:526,0
DA:527,0
DA:625,0
DA:627,0
DA:628,0
DA:6097,0
DA:6100,0
DA:6101,0
DA:6102,0
DA:6103,0
DA:6104,0
DA:6109,0
DA:6111,0
DA:6121,0
DA:6123,0
DA:6546,0
DA:6548,0
DA:6562,0
DA:6565,0
DA:6589,5
DA:6591,5
DA:6594,5
end_of_record
SF:/home/john/cse701/roc/src/sixterm.cpp
FN:13,_Z19constructSixTermRowRK7vectorfIdEiRdS3_S3_S3_S3_
FNDA:332,_Z19constructSixTermRowRK7vectorfIdEiRdS3_S3_S3_S3_
FN:23,_Z22constructSixTermSystemRK7vectorfIdEiiR6matrixIdERS0_
FNDA:15,_Z22constructSixTermSystemRK7vectorfIdEiiR6matrixIdERS0_
FN:57,_Z9testBeta4d
FNDA:14,_Z9testBeta4d
FN:68,_Z9testRCSixd
FNDA:14,_Z9testRCSixd
FN:78,_Z12testCosThetad
FNDA:16,_Z12testCosThetad
FN:95,_Z20testSingularityOrderdd
FNDA:16,_Z20testSingularityOrderdd
FN:125,_Z12errorSixTermRK7vectorfIdES2_
FNDA:12,_Z12errorSixTermRK7vectorfIdES2_
FN:152,_Z7sixtermRKSt6vectorIdSaIdEERKdRdS6_
FNDA:14,_Z7sixtermRKSt6vectorIdSaIdEERKdRdS6_
DA:13,332
DA:16,332
DA:17,332
DA:18,332
DA:19,332
DA:20,332
DA:21,332
DA:23,15
DA:27,15
DA:30,2
DA:31,4
DA:32,4
DA:33,1
DA:34,2
DA:35,1
DA:38,14
DA:41,2
DA:42,4
DA:43,1
DA:44,2
DA:45,1
DA:47,104
DA:49,91
DA:55,13
DA:57,14
DA:59,14
DA:62,2
DA:63,3
DA:64,1
DA:66,13
DA:68,14
DA:70,14
DA:73,2
DA:74,1
DA:76,13
DA:78,16
DA:80,16
DA:84,2
DA:85,1
DA:87,15
DA:89,6
DA:90,9
DA:91,3
DA:93,12
DA:95,16
DA:97,16
DA:98,16
DA:101,2
DA:102,1
DA:105,15
DA:106,5
DA:108,15
DA:109,1
DA:111,15
DA:112,9
DA:114,15
DA:115,15
DA:117,1
DA:118,1
DA:121,15
DA:125,12
DA:127,12
DA:129,24
DA:130,12
DA:131,252
DA:133,240
DA:134,240
DA:135,240
DA:137,12
DA:138,12
DA:139,12
DA:140,24
DA:152,14
DA:155,14
DA:156,14
DA:157,14
DA:158,28
DA:159,28
DA:160,28
DA:163,14
DA:166,2
DA:167,2
DA:168,1
DA:172,13
DA:174,13
DA:175,13
DA:178,13
DA:181,13
DA:182,13
DA:185,13
DA:186,13
DA:189,13
DA:190,13
DA:193,13
DA:194,13
DA:197,12
DA:198,12
DA:199,12
DA:201,24
end_of_record
SF:/usr/include/c++/9/ext/string_conversions.h
FN:99,_ZN9__gnu_cxx12__to_xstringINSt7__cxx1112basic_stringIcSt11char_traitsIcESaIcEEEcEET_PFiPT0_mPKS8_P13__va_list_tagEmSB_z
FNDA:0,_ZN9__gnu_cxx12__to_xstringINSt7__cxx1112basic_stringIcSt11char_traitsIcESaIcEEEcEET_PFiPT0_mPKS8_P13__va_list_tagEmSB_z
DA:99,0
DA:105,0
DA:109,0
DA:111,0
DA:113,0
DA:115,0
end_of_record
SF:/usr/include/c++/9/bits/ios_base.h
FN:83,_ZStanSt13_Ios_FmtflagsS_
FNDA:0,_ZStanSt13_Ios_FmtflagsS_
FN:87,_ZStorSt13_Ios_FmtflagsS_
FNDA:0,_ZStorSt13_Ios_FmtflagsS_
FN:95,_ZStcoSt13_Ios_Fmtflags
FNDA:0,_ZStcoSt13_Ios_Fmtflags
FN:99,_ZStoRRSt13_Ios_FmtflagsS_
FNDA:0,_ZStoRRSt13_Ios_FmtflagsS_
FN:103,_ZStaNRSt13_Ios_FmtflagsS_
FNDA:0,_ZStaNRSt13_Ios_FmtflagsS_
FN:670,_ZNSt8ios_base4setfESt13_Ios_FmtflagsS0_
FNDA:0,_ZNSt8ios_base4setfESt13_Ios_FmtflagsS0_
FN:705,_ZNSt8ios_base9precisionEl
FNDA:0,_ZNSt8ios_base9precisionEl
FN:1056,_ZSt10scientificRSt8ios_base
FNDA:0,_ZSt10scientificRSt8ios_base
DA:83,0
DA:84,0
DA:87,0
DA:88,0
DA:95,0
DA:96,0
DA:99,0
DA:100,0
DA:103,0
DA:104,0
DA:670,0
DA:672,0
DA:673,0
DA:674,0
DA:675,0
DA:705,0
DA:707,0
DA:708,0
DA:709,0
DA:1056,0
DA:1058,0
DA:1059,0
end_of_record
SF:/usr/include/c++/9/bits/basic_string.tcc
FN:206,_ZNSt7__cxx1112basic_stringIcSt11char_traitsIcESaIcEE12_M_constructIPcEEvT_S7_St20forward_iterator_tag
FNDA:0,_ZNSt7__cxx1112basic_stringIcSt11char_traitsIcESaIcEE12_M_constructIPcEEvT_S7_St20forward_iterator_tag
FN:206,_ZNSt7__cxx1112basic_stringIcSt11char_traitsIcESaIcEE12_M_constructIPKcEEvT_S8_St20forward_iterator_tag
FNDA:0,_ZNSt7__cxx1112basic_stringIcSt11char_traitsIcESaIcEE12_M_constructIPKcEEvT_S8_St20forward_iterator_tag
DA:206,0
DA:211,0
DA:212,0
DA:215,0
DA:217,0
DA:219,0
DA:220,0
DA:225,0
DA:226,0
DA:228,0
DA:229,0
DA:232,0
DA:233,0
DA:206,0
DA:211,0
DA:212,0
DA:215,0
DA:217,0
DA:219,0
DA:220,0
DA:225,0
DA:226,0
DA:228,0
DA:229,0
DA:232,0
DA:233,0
end_of_record
SF:/usr/include/c++/9/bits/move.h
FN:99,_ZSt4moveIRPdEONSt16remove_referenceIT_E4typeEOS3_
FNDA:0,_ZSt4moveIRPdEONSt16remove_referenceIT_E4typeEOS3_
FN:99,_ZSt4moveIRSaIcEEONSt16remove_referenceIT_E4typeEOS3_
FNDA:0,_ZSt4moveIRSaIcEEONSt16remove_referenceIT_E4typeEOS3_
FN:99,_ZSt4moveIRNSt7__cxx1112basic_stringIcSt11char_traitsIcESaIcEEEEONSt16remove_referenceIT_E4typeEOS8_
FNDA:0,_ZSt4moveIRNSt7__cxx1112basic_stringIcSt11char_traitsIcESaIcEEEEONSt16remove_referenceIT_E4typeEOS8_
FN:182,_ZSt4swapIPdENSt9enable_ifIXsrSt6__and_IJSt6__not_ISt15__is_tuple_likeIT_EESt21is_move_constructibleIS5_ESt18is_move_assignableIS5_EEE5valueEvE4typeERS5_SF_
FNDA:0,_ZSt4swapIPdENSt9enable_ifIXsrSt6__and_IJSt6__not_ISt15__is_tuple_likeIT_EESt21is_move_constructibleIS5_ESt18is_move_assignableIS5_EEE5valueEvE4typeERS5_SF_
DA:99,0
DA:100,0
DA:99,0
DA:100,0
DA:99,0
DA:100,0
DA:182,0
DA:193,0
DA:194,0
DA:195,0
DA:196,0
end_of_record
SF:/usr/include/c++/9/bits/exception.h
FN:63,_ZNSt9exceptionC2Ev
FNDA:0,_ZNSt9exceptionC2Ev
DA:63,0
end_of_record
SF:/usr/include/c++/9/bits/stl_iterator_base_funcs.h
FN:98,_ZSt10__distanceIPcENSt15iterator_traitsIT_E15difference_typeES2_S2_St26random_access_iterator_tag
FNDA:0,_ZSt10__distanceIPcENSt15iterator_traitsIT_E15difference_typeES2_S2_St26random_access_iterator_tag
FN:98,_ZSt10__distanceIPKcENSt15iterator_traitsIT_E15difference_typeES3_S3_St26random_access_iterator_tag
FNDA:0,_ZSt10__distanceIPKcENSt15iterator_traitsIT_E15difference_typeES3_S3_St26random_access_iterator_tag
FN:138,_ZSt8distanceIPcENSt15iterator_traitsIT_E15difference_typeES2_S2_
FNDA:0,_ZSt8distanceIPcENSt15iterator_traitsIT_E15difference_typeES2_S2_
FN:138,_ZSt8distanceIPKcENSt15iterator_traitsIT_E15difference_typeES3_S3_
FNDA:0,_ZSt8distanceIPKcENSt15iterator_traitsIT_E15difference_typeES3_S3_
DA:98,0
DA:104,0
DA:98,0
DA:104,0
DA:138,0
DA:141,0
DA:142,0
DA:138,0
DA:141,0
DA:142,0
end_of_record
SF:/usr/include/c++/9/ext/alloc_traits.h
FN:97,_ZN9__gnu_cxx14__alloc_traitsISaIcEcE17_S_select_on_copyERKS1_
FNDA:0,_ZN9__gnu_cxx14__alloc_traitsISaIcEcE17_S_select_on_copyERKS1_
DA:97,0
DA:98,0
end_of_record
SF:/usr/include/c++/9/bits/unique_ptr.h
FN:111,_ZNKSt14default_deleteIA_dEclIdEENSt9enable_ifIXsrSt14is_convertibleIPA_T_PS0_E5valueEvE4typeEPS5_
FNDA:0,_ZNKSt14default_deleteIA_dEclIdEENSt9enable_ifIXsrSt14is_convertibleIPA_T_PS0_E5valueEvE4typeEPS5_
FN:146,_ZNSt15__uniq_ptr_implIdSt14default_deleteIA_dEEC2Ev
FNDA:0,_ZNSt15__uniq_ptr_implIdSt14default_deleteIA_dEEC2Ev
FN:153,_ZNSt15__uniq_ptr_implIdSt14default_deleteIA_dEE6_M_ptrEv
FNDA:0,_ZNSt15__uniq_ptr_implIdSt14default_deleteIA_dEE6_M_ptrEv
FN:154,_ZNKSt15__uniq_ptr_implIdSt14default_deleteIA_dEE6_M_ptrEv
FNDA:0,_ZNKSt15__uniq_ptr_implIdSt14default_deleteIA_dEE6_M_ptrEv
FN:155,_ZNSt15__uniq_ptr_implIdSt14default_deleteIA_dEE10_M_deleterEv
FNDA:0,_ZNSt15__uniq_ptr_implIdSt14default_deleteIA_dEE10_M_deleterEv
FN:541,_ZNSt10unique_ptrIA_dSt14default_deleteIS0_EEC2IS2_vEEDn
FNDA:0,_ZNSt10unique_ptrIA_dSt14default_deleteIS0_EEC2IS2_vEEDn
FN:555,_ZNSt10unique_ptrIA_dSt14default_deleteIS0_EED2Ev
FNDA:0,_ZNSt10unique_ptrIA_dSt14default_deleteIS0_EED2Ev
FN:619,_ZNKSt10unique_ptrIA_dSt14default_deleteIS0_EE3getEv
FNDA:0,_ZNKSt10unique_ptrIA_dSt14default_deleteIS0_EE3getEv
FN:624,_ZNSt10unique_ptrIA_dSt14default_deleteIS0_EE11get_deleterEv
FNDA:0,_ZNSt10unique_ptrIA_dSt14default_deleteIS0_EE11get_deleterEv
FN:666,_ZNSt10unique_ptrIA_dSt14default_deleteIS0_EE5resetIPdvEEvT_
FNDA:0,_ZNSt10unique_ptrIA_dSt14default_deleteIS0_EE5resetIPdvEEvT_
DA:111,0
DA:115,0
DA:116,0
DA:146,0
DA:153,0
DA:154,0
DA:155,0
DA:541,0
DA:542,0
DA:543,0
DA:555,0
DA:557,0
DA:558,0
DA:559,0
DA:560,0
DA:561,0
DA:619,0
DA:620,0
DA:624,0
DA:625,0
DA:666,0
DA:668,0
DA:670,0
DA:671,0
DA:672,0
DA:673,0
end_of_record
SF:/usr/include/c++/9/tuple
FN:76,_ZNSt10_Head_baseILm1ESt14default_deleteIA_dELb1EEC2Ev
FNDA:0,_ZNSt10_Head_baseILm1ESt14default_deleteIA_dELb1EEC2Ev
FN:113,_ZNSt10_Head_baseILm1ESt14default_deleteIA_dELb1EE7_M_headERS3_
FNDA:0,_ZNSt10_Head_baseILm1ESt14default_deleteIA_dELb1EE7_M_headERS3_
FN:122,_ZNSt10_Head_baseILm0EPdLb0EEC2Ev
FNDA:0,_ZNSt10_Head_baseILm0EPdLb0EEC2Ev
FN:160,_ZNSt10_Head_baseILm0EPdLb0EE7_M_headERS1_
FNDA:0,_ZNSt10_Head_baseILm0EPdLb0EE7_M_headERS1_
FN:163,_ZNSt10_Head_baseILm0EPdLb0EE7_M_headERKS1_
FNDA:0,_ZNSt10_Head_baseILm0EPdLb0EE7_M_headERKS1_
FN:195,_ZNSt11_Tuple_implILm0EJPdSt14default_deleteIA_dEEE7_M_headERS4_
FNDA:0,_ZNSt11_Tuple_implILm0EJPdSt14default_deleteIA_dEEE7_M_headERS4_
FN:198,_ZNSt11_Tuple_implILm0EJPdSt14default_deleteIA_dEEE7_M_headERKS4_
FNDA:0,_ZNSt11_Tuple_implILm0EJPdSt14default_deleteIA_dEEE7_M_headERKS4_
FN:206,_ZNSt11_Tuple_implILm0EJPdSt14default_deleteIA_dEEEC2Ev
FNDA:0,_ZNSt11_Tuple_implILm0EJPdSt14default_deleteIA_dEEEC2Ev
FN:334,_ZNSt11_Tuple_implILm1EJSt14default_deleteIA_dEEE7_M_headERS3_
FNDA:0,_ZNSt11_Tuple_implILm1EJSt14default_deleteIA_dEEE7_M_headERS3_
FN:339,_ZNSt11_Tuple_implILm1EJSt14default_deleteIA_dEEEC2Ev
FNDA:0,_ZNSt11_Tuple_implILm1EJSt14default_deleteIA_dEEEC2Ev
FN:918,_ZNSt5tupleIJPdSt14default_deleteIA_dEEEC2IS0_S3_Lb1EEEv
FNDA:0,_ZNSt5tupleIJPdSt14default_deleteIA_dEEEC2IS0_S3_Lb1EEEv
FN:1309,_ZSt12__get_helperILm1ESt14default_deleteIA_dEJEERT0_RSt11_Tuple_implIXT_EJS3_DpT1_EE
FNDA:0,_ZSt12__get_helperILm1ESt14default_deleteIA_dEJEERT0_RSt11_Tuple_implIXT_EJS3_DpT1_EE
FN:1309,_ZSt12__get_helperILm0EPdJSt14default_deleteIA_dEEERT0_RSt11_Tuple_implIXT_EJS4_DpT1_EE
FNDA:0,_ZSt12__get_helperILm0EPdJSt14default_deleteIA_dEEERT0_RSt11_Tuple_implIXT_EJS4_DpT1_EE
FN:1314,_ZSt12__get_helperILm0EPdJSt14default_deleteIA_dEEERKT0_RKSt11_Tuple_implIXT_EJS4_DpT1_EE
FNDA:0,_ZSt12__get_helperILm0EPdJSt14default_deleteIA_dEEERKT0_RKSt11_Tuple_implIXT_EJS4_DpT1_EE
FN:1320,_ZSt3getILm1EJPdSt14default_deleteIA_dEEERNSt13tuple_elementIXT_ESt5tupleIJDpT0_EEE4typeERS8_
FNDA:0,_ZSt3getILm1EJPdSt14default_deleteIA_dEEERNSt13tuple_elementIXT_ESt5tupleIJDpT0_EEE4typeERS8_
FN:1320,_ZSt3getILm0EJPdSt14default_deleteIA_dEEERNSt13tuple_elementIXT_ESt5tupleIJDpT0_EEE4typeERS8_
FNDA:0,_ZSt3getILm0EJPdSt14default_deleteIA_dEEERNSt13tuple_elementIXT_ESt5tupleIJDpT0_EEE4typeERS8_
FN:1326,_ZSt3getILm0EJPdSt14default_deleteIA_dEEERKNSt13tuple_elementIXT_ESt5tupleIJDpT0_EEE4typeERKS8_
FNDA:0,_ZSt3getILm0EJPdSt14default_deleteIA_dEEERKNSt13tuple_elementIXT_ESt5tupleIJDpT0_EEE4typeERKS8_
DA:76,0
DA:77,0
DA:113,0
DA:122,0
DA:123,0
DA:160,0
DA:163,0
DA:195,0
DA:198,0
DA:206,0
DA:207,0
DA:334,0
DA:339,0
DA:340,0
DA:918,0
DA:919,0
DA:1309,0
DA:1310,0
DA:1309,0
DA:1310,0
DA:1314,0
DA:1315,0
DA:1320,0
DA:1321,0
DA:1320,0
DA:1321,0
DA:1326,0
DA:1327,0
end_of_record
SF:/usr/include/c++/9/bits/alloc_traits.h
FN:514,_ZNSt16allocator_traitsISaIcEE37select_on_container_copy_constructionERKS0_
FNDA:0,_ZNSt16allocator_traitsISaIcEE37select_on_container_copy_constructionERKS0_
DA:514,0
DA:515,0
end_of_record
SF:/usr/include/c++/9/bits/char_traits.h
FN:100,_ZN9__gnu_cxx11char_traitsIcE2eqERKcS3_
FNDA:0,_ZN9__gnu_cxx11char_traitsIcE2eqERKcS3_
FN:161,_ZN9__gnu_cxx11char_traitsIcE6lengthEPKc
FNDA:0,_ZN9__gnu_cxx11char_traitsIcE6lengthEPKc
FN:329,_ZNSt11char_traitsIcE6lengthEPKc
FNDA:0,_ZNSt11char_traitsIcE6lengthEPKc
FN:361,_ZNSt11char_traitsIcE4copyEPcPKcm
FNDA:0,_ZNSt11char_traitsIcE4copyEPcPKcm
DA:100,0
DA:101,0
DA:161,0
DA:164,0
DA:165,0
DA:166,0
DA:167,0
DA:236,0
DA:329,0
DA:332,0
DA:333,0
DA:335,0
DA:361,0
DA:363,0
DA:364,0
DA:365,0
end_of_record
SF:/usr/include/c++/9/ext/type_traits.h
FN:152,_ZN9__gnu_cxx17__is_null_pointerIcEEbPT_
FNDA:0,_ZN9__gnu_cxx17__is_null_pointerIcEEbPT_
FN:152,_ZN9__gnu_cxx17__is_null_pointerIKcEEbPT_
FNDA:0,_ZN9__gnu_cxx17__is_null_pointerIKcEEbPT_
DA:152,0
DA:153,0
DA:152,0
DA:153,0
end_of_record
SF:/home/john/cse701/roc/include/exceptions.hpp
FN:10,_ZN10sayMessageC2ERKNSt7__cxx1112basic_stringIcSt11char_traitsIcESaIcEEE
FNDA:0,_ZN10sayMessageC2ERKNSt7__cxx1112basic_stringIcSt11char_traitsIcESaIcEEE
FN:11,_ZNK10sayMessage4whatEv
FNDA:0,_ZNK10sayMessage4whatEv
DA:10,0
DA:11,0
end_of_record
SF:/home/john/cse701/roc/include/matrix.hpp
FN:94,_ZN6matrixIdE4dataEv
FNDA:34,_ZN6matrixIdE4dataEv
FN:127,_ZN6matrixIdEC2ERKmS2_
FNDA:0,_ZN6matrixIdEC2ERKmS2_
FN:234,_ZNK6matrixIdE8get_rowsEv
FNDA:0,_ZNK6matrixIdE8get_rowsEv
FN:240,_ZNK6matrixIdE8get_colsEv
FNDA:0,_ZNK6matrixIdE8get_colsEv
FN:247,_ZN6matrixIdEclERKmS2_
FNDA:0,_ZN6matrixIdEclERKmS2_
DA:94,34
DA:127,0
DA:128,0
DA:130,0
DA:131,0
DA:132,0
DA:133,0
DA:134,0
DA:234,0
DA:236,0
DA:240,0
DA:242,0
DA:247,0
DA:249,0
end_of_record
TN:
SF:/home/john/cse701/roc/src/norm2.cpp
FN:8,_Z5norm2iPd
FNDA:66,_Z5norm2iPd
DA:8,66
DA:10,66
DA:11,132
end_of_record
TN:
SF:/home/john/cse701/roc/src/threeterm.cpp
FN:11,_Z21constructThreeTermRowRK7vectorfIdEiRdS3_S3_
FNDA:513,_Z21constructThreeTermRowRK7vectorfIdEiRdS3_S3_
FN:19,_Z24constructThreeTermSystemRK7vectorfIdEiiR6matrixIdERS0_
FNDA:19,_Z24constructThreeTermSystemRK7vectorfIdEiiR6matrixIdERS0_
FN:32,_Z11testRCThreed
FNDA:20,_Z11testRCThreed
FN:42,_Z9testOrderd
FNDA:20,_Z9testOrderd
FN:53,_Z14errorThreeTermRK7vectorfIdES2_
FNDA:19,_Z14errorThreeTermRK7vectorfIdES2_
FN:72,_Z9threetermRKSt6vectorIdSaIdEERKdRdS6_
FNDA:19,_Z9threetermRKSt6vectorIdSaIdEERKdRdS6_
DA:11,513
DA:14,513
DA:15,513
DA:16,513
DA:17,513
DA:19,19
DA:22,152
DA:24,133
DA:30,19
DA:32,20
DA:34,20
DA:37,2
DA:38,1
DA:40,19
DA:42,20
DA:44,20
DA:47,2
DA:48,1
DA:50,19
DA:53,19
DA:55,19
DA:57,38
DA:58,19
DA:59,399
DA:61,380
DA:62,380
DA:63,380
DA:65,19
DA:66,19
DA:67,19
DA:68,38
DA:72,19
DA:75,19
DA:76,19
DA:77,38
DA:78,38
DA:79,38
DA:82,19
DA:84,19
DA:85,19
DA:88,19
DA:91,19
DA:92,19
DA:93,19
DA:95,19
DA:96,19
DA:98,38
end_of_record
SF:/usr/include/c++/9/bits/char_traits.h
FN:100,_ZN9__gnu_cxx11char_traitsIcE2eqERKcS3_
FNDA:0,_ZN9__gnu_cxx11char_traitsIcE2eqERKcS3_
FN:161,_ZN9__gnu_cxx11char_traitsIcE6lengthEPKc
FNDA:0,_ZN9__gnu_cxx11char_traitsIcE6lengthEPKc
FN:329,_ZNSt11char_traitsIcE6lengthEPKc
FNDA:0,_ZNSt11char_traitsIcE6lengthEPKc
DA:100,0
DA:101,0
DA:161,0
DA:164,0
DA:165,0
DA:166,0
DA:167,0
DA:236,0
DA:329,0
DA:332,0
DA:333,0
DA:335,0
end_of_record
SF:/usr/include/c++/9/bits/alloc_traits.h
FN:514,_ZNSt16allocator_traitsISaIcEE37select_on_container_copy_constructionERKS0_
FNDA:0,_ZNSt16allocator_traitsISaIcEE37select_on_container_copy_constructionERKS0_
DA:514,0
DA:515,0
end_of_record
SF:/home/john/cse701/roc/include/matrix.hpp
FN:94,_ZN6matrixIdE4dataEv
FNDA:0,_ZN6matrixIdE4dataEv
FN:127,_ZN6matrixIdEC2ERKmS2_
FNDA:0,_ZN6matrixIdEC2ERKmS2_
FN:247,_ZN6matrixIdEclERKmS2_
FNDA:0,_ZN6matrixIdEclERKmS2_
DA:94,0
DA:127,0
DA:128,0
DA:130,0
DA:131,0
DA:132,0
DA:133,0
DA:134,0
DA:247,0
DA:249,0
end_of_record
SF:/usr/include/c++/9/ext/type_traits.h
FN:152,_ZN9__gnu_cxx17__is_null_pointerIcEEbPT_
FNDA:0,_ZN9__gnu_cxx17__is_null_pointerIcEEbPT_
FN:152,_ZN9__gnu_cxx17__is_null_pointerIKcEEbPT_
FNDA:0,_ZN9__gnu_cxx17__is_null_pointerIKcEEbPT_
DA:152,0
DA:153,0
DA:152,0
DA:153,0
end_of_record
SF:/home/john/cse701/roc/include/exceptions.hpp
FN:10,_ZN10sayMessageC2ERKNSt7__cxx1112basic_stringIcSt11char_traitsIcESaIcEEE
FNDA:0,_ZN10sayMessageC2ERKNSt7__cxx1112basic_stringIcSt11char_traitsIcESaIcEEE
FN:11,_ZNK10sayMessage4whatEv
FNDA:0,_ZNK10sayMessage4whatEv
DA:10,0
DA:11,0
end_of_record
SF:/usr/include/c++/9/bits/unique_ptr.h
FN:111,_ZNKSt14default_deleteIA_dEclIdEENSt9enable_ifIXsrSt14is_convertibleIPA_T_PS0_E5valueEvE4typeEPS5_
FNDA:0,_ZNKSt14default_deleteIA_dEclIdEENSt9enable_ifIXsrSt14is_convertibleIPA_T_PS0_E5valueEvE4typeEPS5_
FN:146,_ZNSt15__uniq_ptr_implIdSt14default_deleteIA_dEEC2Ev
FNDA:0,_ZNSt15__uniq_ptr_implIdSt14default_deleteIA_dEEC2Ev
FN:153,_ZNSt15__uniq_ptr_implIdSt14default_deleteIA_dEE6_M_ptrEv
FNDA:0,_ZNSt15__uniq_ptr_implIdSt14default_deleteIA_dEE6_M_ptrEv
FN:154,_ZNKSt15__uniq_ptr_implIdSt14default_deleteIA_dEE6_M_ptrEv
FNDA:0,_ZNKSt15__uniq_ptr_implIdSt14default_deleteIA_dEE6_M_ptrEv
FN:155,_ZNSt15__uniq_ptr_implIdSt14default_deleteIA_dEE10_M_deleterEv
FNDA:0,_ZNSt15__uniq_ptr_implIdSt14default_deleteIA_dEE10_M_deleterEv
FN:541,_ZNSt10unique_ptrIA_dSt14default_deleteIS0_EEC2IS2_vEEDn
FNDA:0,_ZNSt10unique_ptrIA_dSt14default_deleteIS0_EEC2IS2_vEEDn
FN:555,_ZNSt10unique_ptrIA_dSt14default_deleteIS0_EED2Ev
FNDA:0,_ZNSt10unique_ptrIA_dSt14default_deleteIS0_EED2Ev
FN:619,_ZNKSt10unique_ptrIA_dSt14default_deleteIS0_EE3getEv
FNDA:0,_ZNKSt10unique_ptrIA_dSt14default_deleteIS0_EE3getEv
FN:624,_ZNSt10unique_ptrIA_dSt14default_deleteIS0_EE11get_deleterEv
FNDA:0,_ZNSt10unique_ptrIA_dSt14default_deleteIS0_EE11get_deleterEv
FN:666,_ZNSt10unique_ptrIA_dSt14default_deleteIS0_EE5resetIPdvEEvT_
FNDA:0,_ZNSt10unique_ptrIA_dSt14default_deleteIS0_EE5resetIPdvEEvT_
DA:111,0
DA:115,0
DA:116,0
DA:146,0
DA:153,0
DA:154,0
DA:155,0
DA:541,0
DA:542,0
DA:543,0
DA:555,0
DA:557,0
DA:558,0
DA:559,0
DA:560,0
DA:561,0
DA:619,0
DA:620,0
DA:624,0
DA:625,0
DA:666,0
DA:668,0
DA:670,0
DA:671,0
DA:672,0
DA:673,0
end_of_record
SF:/usr/include/c++/9/ext/alloc_traits.h
FN:97,_ZN9__gnu_cxx14__alloc_traitsISaIcEcE17_S_select_on_copyERKS1_
FNDA:0,_ZN9__gnu_cxx14__alloc_traitsISaIcEcE17_S_select_on_copyERKS1_
DA:97,0
DA:98,0
end_of_record
SF:/usr/include/c++/9/bits/stl_iterator_base_funcs.h
FN:98,_ZSt10__distanceIPcENSt15iterator_traitsIT_E15difference_typeES2_S2_St26random_access_iterator_tag
FNDA:0,_ZSt10__distanceIPcENSt15iterator_traitsIT_E15difference_typeES2_S2_St26random_access_iterator_tag
FN:98,_ZSt10__distanceIPKcENSt15iterator_traitsIT_E15difference_typeES3_S3_St26random_access_iterator_tag
FNDA:0,_ZSt10__distanceIPKcENSt15iterator_traitsIT_E15difference_typeES3_S3_St26random_access_iterator_tag
FN:138,_ZSt8distanceIPcENSt15iterator_traitsIT_E15difference_typeES2_S2_
FNDA:0,_ZSt8distanceIPcENSt15iterator_traitsIT_E15difference_typeES2_S2_
FN:138,_ZSt8distanceIPKcENSt15iterator_traitsIT_E15difference_typeES3_S3_
FNDA:0,_ZSt8distanceIPKcENSt15iterator_traitsIT_E15difference_typeES3_S3_
DA:98,0
DA:104,0
DA:98,0
DA:104,0
DA:138,0
DA:141,0
DA:142,0
DA:138,0
DA:141,0
DA:142,0
end_of_record
SF:/usr/include/c++/9/bits/exception.h
FN:63,_ZNSt9exceptionC2Ev
FNDA:0,_ZNSt9exceptionC2Ev
DA:63,0
end_of_record
SF:/usr/include/c++/9/bits/basic_string.tcc
FN:206,_ZNSt7__cxx1112basic_stringIcSt11char_traitsIcESaIcEE12_M_constructIPcEEvT_S7_St20forward_iterator_tag
FNDA:0,_ZNSt7__cxx1112basic_stringIcSt11char_traitsIcESaIcEE12_M_constructIPcEEvT_S7_St20forward_iterator_tag
FN:206,_ZNSt7__cxx1112basic_stringIcSt11char_traitsIcESaIcEE12_M_constructIPKcEEvT_S8_St20forward_iterator_tag
FNDA:0,_ZNSt7__cxx1112basic_stringIcSt11char_traitsIcESaIcEE12_M_constructIPKcEEvT_S8_St20forward_iterator_tag
DA:206,0
DA:211,0
DA:212,0
DA:215,0
DA:217,0
DA:219,0
DA:220,0
DA:225,0
DA:226,0
DA:228,0
DA:229,0
DA:232,0
DA:233,0
DA:206,0
DA:211,0
DA:212,0
DA:215,0
DA:217,0
DA:219,0
DA:220,0
DA:225,0
DA:226,0
DA:228,0
DA:229,0
DA:232,0
DA:233,0
end_of_record
SF:/usr/include/c++/9/bits/move.h
FN:99,_ZSt4moveIRPdEONSt16remove_referenceIT_E4typeEOS3_
FNDA:0,_ZSt4moveIRPdEONSt16remove_referenceIT_E4typeEOS3_
FN:99,_ZSt4moveIRSaIcEEONSt16remove_referenceIT_E4typeEOS3_
FNDA:0,_ZSt4moveIRSaIcEEONSt16remove_referenceIT_E4typeEOS3_
FN:182,_ZSt4swapIPdENSt9enable_ifIXsrSt6__and_IJSt6__not_ISt15__is_tuple_likeIT_EESt21is_move_constructibleIS5_ESt18is_move_assignableIS5_EEE5valueEvE4typeERS5_SF_
FNDA:0,_ZSt4swapIPdENSt9enable_ifIXsrSt6__and_IJSt6__not_ISt15__is_tuple_likeIT_EESt21is_move_constructibleIS5_ESt18is_move_assignableIS5_EEE5valueEvE4typeERS5_SF_
DA:99,0
DA:100,0
DA:99,0
DA:100,0
DA:182,0
DA:193,0
DA:194,0
DA:195,0
DA:196,0
end_of_record
SF:/usr/include/c++/9/tuple
FN:76,_ZNSt10_Head_baseILm1ESt14default_deleteIA_dELb1EEC2Ev
FNDA:0,_ZNSt10_Head_baseILm1ESt14default_deleteIA_dELb1EEC2Ev
FN:113,_ZNSt10_Head_baseILm1ESt14default_deleteIA_dELb1EE7_M_headERS3_
FNDA:0,_ZNSt10_Head_baseILm1ESt14default_deleteIA_dELb1EE7_M_headERS3_
FN:122,_ZNSt10_Head_baseILm0EPdLb0EEC2Ev
FNDA:0,_ZNSt10_Head_baseILm0EPdLb0EEC2Ev
FN:160,_ZNSt10_Head_baseILm0EPdLb0EE7_M_headERS1_
FNDA:0,_ZNSt10_Head_baseILm0EPdLb0EE7_M_headERS1_
FN:163,_ZNSt10_Head_baseILm0EPdLb0EE7_M_headERKS1_
FNDA:0,_ZNSt10_Head_baseILm0EPdLb0EE7_M_headERKS1_
FN:195,_ZNSt11_Tuple_implILm0EJPdSt14default_deleteIA_dEEE7_M_headERS4_
FNDA:0,_ZNSt11_Tuple_implILm0EJPdSt14default_deleteIA_dEEE7_M_headERS4_
FN:198,_ZNSt11_Tuple_implILm0EJPdSt14default_deleteIA_dEEE7_M_headERKS4_
FNDA:0,_ZNSt11_Tuple_implILm0EJPdSt14default_deleteIA_dEEE7_M_headERKS4_
FN:206,_ZNSt11_Tuple_implILm0EJPdSt14default_deleteIA_dEEEC2Ev
FNDA:0,_ZNSt11_Tuple_implILm0EJPdSt14default_deleteIA_dEEEC2Ev
FN:334,_ZNSt11_Tuple_implILm1EJSt14default_deleteIA_dEEE7_M_headERS3_
FNDA:0,_ZNSt11_Tuple_implILm1EJSt14default_deleteIA_dEEE7_M_headERS3_
FN:339,_ZNSt11_Tuple_implILm1EJSt14default_deleteIA_dEEEC2Ev
FNDA:0,_ZNSt11_Tuple_implILm1EJSt14default_deleteIA_dEEEC2Ev
FN:918,_ZNSt5tupleIJPdSt14default_deleteIA_dEEEC2IS0_S3_Lb1EEEv
FNDA:0,_ZNSt5tupleIJPdSt14default_deleteIA_dEEEC2IS0_S3_Lb1EEEv
FN:1309,_ZSt12__get_helperILm1ESt14default_deleteIA_dEJEERT0_RSt11_Tuple_implIXT_EJS3_DpT1_EE
FNDA:0,_ZSt12__get_helperILm1ESt14default_deleteIA_dEJEERT0_RSt11_Tuple_implIXT_EJS3_DpT1_EE
FN:1309,_ZSt12__get_helperILm0EPdJSt14default_deleteIA_dEEERT0_RSt11_Tuple_implIXT_EJS4_DpT1_EE
FNDA:0,_ZSt12__get_helperILm0EPdJSt14default_deleteIA_dEEERT0_RSt11_Tuple_implIXT_EJS4_DpT1_EE
FN:1314,_ZSt12__get_helperILm0EPdJSt14default_deleteIA_dEEERKT0_RKSt11_Tuple_implIXT_EJS4_DpT1_EE
FNDA:0,_ZSt12__get_helperILm0EPdJSt14default_deleteIA_dEEERKT0_RKSt11_Tuple_implIXT_EJS4_DpT1_EE
FN:1320,_ZSt3getILm1EJPdSt14default_deleteIA_dEEERNSt13tuple_elementIXT_ESt5tupleIJDpT0_EEE4typeERS8_
FNDA:0,_ZSt3getILm1EJPdSt14default_deleteIA_dEEERNSt13tuple_elementIXT_ESt5tupleIJDpT0_EEE4typeERS8_
FN:1320,_ZSt3getILm0EJPdSt14default_deleteIA_dEEERNSt13tuple_elementIXT_ESt5tupleIJDpT0_EEE4typeERS8_
FNDA:0,_ZSt3getILm0EJPdSt14default_deleteIA_dEEERNSt13tuple_elementIXT_ESt5tupleIJDpT0_EEE4typeERS8_
FN:1326,_ZSt3getILm0EJPdSt14default_deleteIA_dEEERKNSt13tuple_elementIXT_ESt5tupleIJDpT0_EEE4typeERKS8_
FNDA:0,_ZSt3getILm0EJPdSt14default_deleteIA_dEEERKNSt13tuple_elementIXT_ESt5tupleIJDpT0_EEE4typeERKS8_
DA:76,0
DA:77,0
DA:113,0
DA:122,0
DA:123,0
DA:160,0
DA:163,0
DA:195,0
DA:198,0
DA:206,0
DA:207,0
DA:334,0
DA:339,0
DA:340,0
DA:918,0
DA:919,0
DA:1309,0
DA:1310,0
DA:1309,0
DA:1310,0
DA:1314,0
DA:1315,0
DA:1320,0
DA:1321,0
DA:1320,0
DA:1321,0
DA:1326,0
DA:1327,0
end_of_record
SF:/usr/include/c++/9/bits/basic_string.h
FN:243,_ZNSt7__cxx1112basic_stringIcSt11char_traitsIcESaIcEE16_M_construct_auxIPcEEvT_S7_St12__false_type
FNDA:0,_ZNSt7__cxx1112basic_stringIcSt11char_traitsIcESaIcEE16_M_construct_auxIPcEEvT_S7_St12__false_type
FN:243,_ZNSt7__cxx1112basic_stringIcSt11char_traitsIcESaIcEE16_M_construct_auxIPKcEEvT_S8_St12__false_type
FNDA:0,_ZNSt7__cxx1112basic_stringIcSt11char_traitsIcESaIcEE16_M_construct_auxIPKcEEvT_S8_St12__false_type
FN:263,_ZNSt7__cxx1112basic_stringIcSt11char_traitsIcESaIcEE12_M_constructIPcEEvT_S7_
FNDA:0,_ZNSt7__cxx1112basic_stringIcSt11char_traitsIcESaIcEE12_M_constructIPcEEvT_S7_
FN:263,_ZNSt7__cxx1112basic_stringIcSt11char_traitsIcESaIcEE12_M_constructIPKcEEvT_S8_
FNDA:0,_ZNSt7__cxx1112basic_stringIcSt11char_traitsIcESaIcEE12_M_constructIPKcEEvT_S8_
FN:525,_ZNSt7__cxx1112basic_stringIcSt11char_traitsIcESaIcEEC2IS3_EEPKcRKS3_
FNDA:0,_ZNSt7__cxx1112basic_stringIcSt11char_traitsIcESaIcEEC2IS3_EEPKcRKS3_
DA:243,0
DA:247,0
DA:248,0
DA:243,0
DA:247,0
DA:248,0
DA:263,0
DA:266,0
DA:267,0
DA:263,0
DA:266,0
DA:267,0
DA:525,0
DA:526,0
DA:527,0
end_of_record
SF:/usr/include/c++/9/bits/stl_iterator_base_types.h
FN:205,_ZSt19__iterator_categoryIPcENSt15iterator_traitsIT_E17iterator_categoryERKS2_
FNDA:0,_ZSt19__iterator_categoryIPcENSt15iterator_traitsIT_E17iterator_categoryERKS2_
FN:205,_ZSt19__iterator_categoryIPKcENSt15iterator_traitsIT_E17iterator_categoryERKS3_
FNDA:0,_ZSt19__iterator_categoryIPKcENSt15iterator_traitsIT_E17iterator_categoryERKS3_
DA:205,0
DA:206,0
DA:205,0
DA:206,0
end_of_record
SF:/usr/include/c++/9/cmath
FN:619,_ZSt5isnand
FNDA:0,_ZSt5isnand
DA:619,0
DA:620,0
end_of_record
SF:/home/john/cse701/roc/include/vectorf.hpp
FN:69,_ZN7vectorfIdE4dataEv
FNDA:0,_ZN7vectorfIdE4dataEv
FN:98,_ZN7vectorfIdEC2ERKm
FNDA:0,_ZN7vectorfIdEC2ERKm
FN:106,_ZN7vectorfIdEC2ERKSt6vectorIdSaIdEE
FNDA:0,_ZN7vectorfIdEC2ERKSt6vectorIdSaIdEE
FN:165,_ZNK7vectorfIdE8get_sizeEv
FNDA:0,_ZNK7vectorfIdE8get_sizeEv
FN:172,_ZN7vectorfIdEclERKm
FNDA:0,_ZN7vectorfIdEclERKm
FN:179,_ZNK7vectorfIdEclERKm
FNDA:0,_ZNK7vectorfIdEclERKm
DA:69,0
DA:98,0
DA:100,0
DA:101,0
DA:102,0
DA:103,0
DA:106,0
DA:108,0
DA:109,0
DA:110,0
DA:111,0
DA:112,0
DA:165,0
DA:167,0
DA:172,0
DA:174,0
DA:179,0
DA:181,0
end_of_record
SF:/usr/include/c++/9/ext/new_allocator.h
FN:80,_ZN9__gnu_cxx13new_allocatorIcEC2Ev
FNDA:0,_ZN9__gnu_cxx13new_allocatorIcEC2Ev
FN:83,_ZN9__gnu_cxx13new_allocatorIcEC2ERKS1_
FNDA:0,_ZN9__gnu_cxx13new_allocatorIcEC2ERKS1_
FN:89,_ZN9__gnu_cxx13new_allocatorIcED2Ev
FNDA:0,_ZN9__gnu_cxx13new_allocatorIcED2Ev
DA:80,0
DA:83,0
DA:89,0
end_of_record
SF:/usr/include/c++/9/iostream
end_of_record
SF:/usr/include/c++/9/bits/stl_vector.h
FN:915,_ZNKSt6vectorIdSaIdEE4sizeEv
FNDA:0,_ZNKSt6vectorIdSaIdEE4sizeEv
FN:1058,_ZNKSt6vectorIdSaIdEEixEm
FNDA:0,_ZNKSt6vectorIdSaIdEEixEm
DA:915,0
DA:916,0
DA:1058,0
DA:1061,0
end_of_record
TN:
SF:/home/john/cse701/roc/src/roc.cpp
FN:16,_Z24derivatives2coefficientsRSt6vectorIdSaIdEE
FNDA:2,_Z24derivatives2coefficientsRSt6vectorIdSaIdEE
FN:27,_Z11convergenced
FNDA:0,_Z11convergenced
FN:39,_Z3rocRKSt6vectorIdSaIdEERKdRdS6_
FNDA:0,_Z3rocRKSt6vectorIdSaIdEERKdRdS6_
DA:16,2
DA:18,2
DA:19,12
DA:21,10
DA:22,10
DA:24,2
DA:27,0
DA:29,0
DA:31,0
DA:32,0
DA:33,0
DA:36,0
DA:39,0
DA:42,0
DA:46,0
DA:47,0
DA:50,0
DA:51,0
DA:52,0
DA:56,0
DA:57,0
DA:62,0
DA:63,0
DA:64,0
DA:66,0
DA:68,0
DA:69,0
DA:73,0
DA:74,0
DA:75,0
DA:77,0
DA:79,0
DA:80,0
DA:84,0
DA:85,0
DA:86,0
DA:88,0
DA:90,0
DA:91,0
DA:94,0
DA:96,0
DA:97,0
DA:100,0
end_of_record
SF:/usr/include/c++/9/bits/alloc_traits.h
FN:514,_ZNSt16allocator_traitsISaIcEE37select_on_container_copy_constructionERKS0_
FNDA:0,_ZNSt16allocator_traitsISaIcEE37select_on_container_copy_constructionERKS0_
DA:514,0
DA:515,0
end_of_record
SF:/usr/include/c++/9/bits/char_traits.h
FN:361,_ZNSt11char_traitsIcE4copyEPcPKcm
FNDA:0,_ZNSt11char_traitsIcE4copyEPcPKcm
DA:361,0
DA:363,0
DA:364,0
DA:365,0
end_of_record
SF:/home/john/cse701/roc/include/exceptions.hpp
FN:10,_ZN10sayMessageC2ERKNSt7__cxx1112basic_stringIcSt11char_traitsIcESaIcEEE
FNDA:0,_ZN10sayMessageC2ERKNSt7__cxx1112basic_stringIcSt11char_traitsIcESaIcEEE
FN:11,_ZNK10sayMessage4whatEv
FNDA:0,_ZNK10sayMessage4whatEv
DA:10,0
DA:11,0
end_of_record
SF:/usr/include/c++/9/ext/type_traits.h
FN:152,_ZN9__gnu_cxx17__is_null_pointerIcEEbPT_
FNDA:0,_ZN9__gnu_cxx17__is_null_pointerIcEEbPT_
DA:152,0
DA:153,0
end_of_record
SF:/usr/include/c++/9/bits/stl_iterator_base_funcs.h
FN:98,_ZSt10__distanceIPcENSt15iterator_traitsIT_E15difference_typeES2_S2_St26random_access_iterator_tag
FNDA:0,_ZSt10__distanceIPcENSt15iterator_traitsIT_E15difference_typeES2_S2_St26random_access_iterator_tag
FN:138,_ZSt8distanceIPcENSt15iterator_traitsIT_E15difference_typeES2_S2_
FNDA:0,_ZSt8distanceIPcENSt15iterator_traitsIT_E15difference_typeES2_S2_
DA:98,0
DA:104,0
DA:138,0
DA:141,0
DA:142,0
end_of_record
SF:/usr/include/c++/9/ext/alloc_traits.h
FN:97,_ZN9__gnu_cxx14__alloc_traitsISaIcEcE17_S_select_on_copyERKS1_
FNDA:0,_ZN9__gnu_cxx14__alloc_traitsISaIcEcE17_S_select_on_copyERKS1_
DA:97,0
DA:98,0
end_of_record
SF:/usr/include/c++/9/bits/basic_string.tcc
FN:206,_ZNSt7__cxx1112basic_stringIcSt11char_traitsIcESaIcEE12_M_constructIPcEEvT_S7_St20forward_iterator_tag
FNDA:0,_ZNSt7__cxx1112basic_stringIcSt11char_traitsIcESaIcEE12_M_constructIPcEEvT_S7_St20forward_iterator_tag
DA:206,0
DA:211,0
DA:212,0
DA:215,0
DA:217,0
DA:219,0
DA:220,0
DA:225,0
DA:226,0
DA:228,0
DA:229,0
DA:232,0
DA:233,0
end_of_record
SF:/usr/include/c++/9/bits/move.h
FN:99,_ZSt4moveIRSaIcEEONSt16remove_referenceIT_E4typeEOS3_
FNDA:0,_ZSt4moveIRSaIcEEONSt16remove_referenceIT_E4typeEOS3_
FN:99,_ZSt4moveIRNSt7__cxx1112basic_stringIcSt11char_traitsIcESaIcEEEEONSt16remove_referenceIT_E4typeEOS8_
FNDA:0,_ZSt4moveIRNSt7__cxx1112basic_stringIcSt11char_traitsIcESaIcEEEEONSt16remove_referenceIT_E4typeEOS8_
DA:99,0
DA:100,0
DA:99,0
DA:100,0
end_of_record
SF:/usr/include/c++/9/bits/exception.h
FN:63,_ZNSt9exceptionC2Ev
FNDA:0,_ZNSt9exceptionC2Ev
DA:63,0
end_of_record
SF:/usr/include/c++/9/ext/string_conversions.h
FN:99,_ZN9__gnu_cxx12__to_xstringINSt7__cxx1112basic_stringIcSt11char_traitsIcESaIcEEEcEET_PFiPT0_mPKS8_P13__va_list_tagEmSB_z
FNDA:0,_ZN9__gnu_cxx12__to_xstringINSt7__cxx1112basic_stringIcSt11char_traitsIcESaIcEEEcEET_PFiPT0_mPKS8_P13__va_list_tagEmSB_z
DA:99,0
DA:105,0
DA:109,0
DA:111,0
DA:113,0
DA:115,0
end_of_record
SF:/usr/include/c++/9/bits/basic_string.h
FN:243,_ZNSt7__cxx1112basic_stringIcSt11char_traitsIcESaIcEE16_M_construct_auxIPcEEvT_S7_St12__false_type
FNDA:0,_ZNSt7__cxx1112basic_stringIcSt11char_traitsIcESaIcEE16_M_construct_auxIPcEEvT_S7_St12__false_type
FN:263,_ZNSt7__cxx1112basic_stringIcSt11char_traitsIcESaIcEE12_M_constructIPcEEvT_S7_
FNDA:0,_ZNSt7__cxx1112basic_stringIcSt11char_traitsIcESaIcEE12_M_constructIPcEEvT_S7_
FN:625,_ZNSt7__cxx1112basic_stringIcSt11char_traitsIcESaIcEEC2IPcvEET_S7_RKS3_
FNDA:0,_ZNSt7__cxx1112basic_stringIcSt11char_traitsIcESaIcEEC2IPcvEET_S7_RKS3_
FN:6097,_ZStplIcSt11char_traitsIcESaIcEENSt7__cxx1112basic_stringIT_T0_T1_EEOS8_S9_
FNDA:0,_ZStplIcSt11char_traitsIcESaIcEENSt7__cxx1112basic_stringIT_T0_T1_EEOS8_S9_
FN:6109,_ZStplIcSt11char_traitsIcESaIcEENSt7__cxx1112basic_stringIT_T0_T1_EEPKS5_OS8_
FNDA:0,_ZStplIcSt11char_traitsIcESaIcEENSt7__cxx1112basic_stringIT_T0_T1_EEPKS5_OS8_
FN:6121,_ZStplIcSt11char_traitsIcESaIcEENSt7__cxx1112basic_stringIT_T0_T1_EEOS8_PKS5_
FNDA:0,_ZStplIcSt11char_traitsIcESaIcEENSt7__cxx1112basic_stringIT_T0_T1_EEOS8_PKS5_
FN:6546,_ZNSt7__cxx119to_stringEi
FNDA:5,_ZNSt7__cxx119to_stringEi
DA:243,0
DA:247,0
DA:248,0
DA:263,0
DA:266,0
DA:267,0
DA:625,0
DA:627,0
DA:628,0
DA:6097,0
DA:6100,0
DA:6101,0
DA:6102,0
DA:6103,0
DA:6104,0
DA:6109,0
DA:6111,0
DA:6121,0
DA:6123,0
DA:6546,5
DA:6548,5
end_of_record
SF:/usr/include/c++/9/bits/ios_base.h
FN:83,_ZStanSt13_Ios_FmtflagsS_
FNDA:0,_ZStanSt13_Ios_FmtflagsS_
FN:87,_ZStorSt13_Ios_FmtflagsS_
FNDA:0,_ZStorSt13_Ios_FmtflagsS_
FN:95,_ZStcoSt13_Ios_Fmtflags
FNDA:0,_ZStcoSt13_Ios_Fmtflags
FN:99,_ZStoRRSt13_Ios_FmtflagsS_
FNDA:0,_ZStoRRSt13_Ios_FmtflagsS_
FN:103,_ZStaNRSt13_Ios_FmtflagsS_
FNDA:0,_ZStaNRSt13_Ios_FmtflagsS_
FN:670,_ZNSt8ios_base4setfESt13_Ios_FmtflagsS0_
FNDA:0,_ZNSt8ios_base4setfESt13_Ios_FmtflagsS0_
FN:705,_ZNSt8ios_base9precisionEl
FNDA:0,_ZNSt8ios_base9precisionEl
FN:1056,_ZSt10scientificRSt8ios_base
FNDA:0,_ZSt10scientificRSt8ios_base
DA:83,0
DA:84,0
DA:87,0
DA:88,0
DA:95,0
DA:96,0
DA:99,0
DA:100,0
DA:103,0
DA:104,0
DA:670,0
DA:672,0
DA:673,0
DA:674,0
DA:675,0
DA:705,0
DA:707,0
DA:708,0
DA:709,0
DA:1056,0
DA:1058,0
DA:1059,0
end_of_record
SF:/usr/include/c++/9/bits/stl_iterator_base_types.h
FN:205,_ZSt19__iterator_categoryIPcENSt15iterator_traitsIT_E17iterator_categoryERKS2_
FNDA:0,_ZSt19__iterator_categoryIPcENSt15iterator_traitsIT_E17iterator_categoryERKS2_
DA:205,0
DA:206,0
end_of_record
SF:/usr/include/c++/9/ext/new_allocator.h
FN:80,_ZN9__gnu_cxx13new_allocatorIcEC2Ev
FNDA:0,_ZN9__gnu_cxx13new_allocatorIcEC2Ev
FN:83,_ZN9__gnu_cxx13new_allocatorIcEC2ERKS1_
FNDA:0,_ZN9__gnu_cxx13new_allocatorIcEC2ERKS1_
FN:89,_ZN9__gnu_cxx13new_allocatorIcED2Ev
FNDA:0,_ZN9__gnu_cxx13new_allocatorIcED2Ev
DA:80,0
DA:83,0
DA:89,0
end_of_record
SF:/usr/include/c++/9/bits/stl_vector.h
FN:915,_ZNKSt6vectorIdSaIdEE4sizeEv
FNDA:0,_ZNKSt6vectorIdSaIdEE4sizeEv
FN:1040,_ZNSt6vectorIdSaIdEEixEm
FNDA:0,_ZNSt6vectorIdSaIdEEixEm
DA:915,0
DA:916,0
DA:1040,0
DA:1043,0
end_of_record
SF:/usr/include/c++/9/iostream
end_of_record
TN:
SF:/usr/include/c++/9/bits/basic_string.h
FN:243,_ZNSt7__cxx1112basic_stringIcSt11char_traitsIcESaIcEE16_M_construct_auxIPcEEvT_S7_St12__false_type
FNDA:0,_ZNSt7__cxx1112basic_stringIcSt11char_traitsIcESaIcEE16_M_construct_auxIPcEEvT_S7_St12__false_type
FN:243,_ZNSt7__cxx1112basic_stringIcSt11char_traitsIcESaIcEE16_M_construct_auxIPKcEEvT_S8_St12__false_type
FNDA:0,_ZNSt7__cxx1112basic_stringIcSt11char_traitsIcESaIcEE16_M_construct_auxIPKcEEvT_S8_St12__false_type
FN:263,_ZNSt7__cxx1112basic_stringIcSt11char_traitsIcESaIcEE12_M_constructIPcEEvT_S7_
FNDA:0,_ZNSt7__cxx1112basic_stringIcSt11char_traitsIcESaIcEE12_M_constructIPcEEvT_S7_
FN:263,_ZNSt7__cxx1112basic_stringIcSt11char_traitsIcESaIcEE12_M_constructIPKcEEvT_S8_
FNDA:0,_ZNSt7__cxx1112basic_stringIcSt11char_traitsIcESaIcEE12_M_constructIPKcEEvT_S8_
FN:525,_ZNSt7__cxx1112basic_stringIcSt11char_traitsIcESaIcEEC2IS3_EEPKcRKS3_
FNDA:0,_ZNSt7__cxx1112basic_stringIcSt11char_traitsIcESaIcEEC2IS3_EEPKcRKS3_
FN:625,_ZNSt7__cxx1112basic_stringIcSt11char_traitsIcESaIcEEC2IPcvEET_S7_RKS3_
FNDA:0,_ZNSt7__cxx1112basic_stringIcSt11char_traitsIcESaIcEEC2IPcvEET_S7_RKS3_
FN:6097,_ZStplIcSt11char_traitsIcESaIcEENSt7__cxx1112basic_stringIT_T0_T1_EEOS8_S9_
FNDA:0,_ZStplIcSt11char_traitsIcESaIcEENSt7__cxx1112basic_stringIT_T0_T1_EEOS8_S9_
FN:6109,_ZStplIcSt11char_traitsIcESaIcEENSt7__cxx1112basic_stringIT_T0_T1_EEPKS5_OS8_
FNDA:0,_ZStplIcSt11char_traitsIcESaIcEENSt7__cxx1112basic_stringIT_T0_T1_EEPKS5_OS8_
FN:6121,_ZStplIcSt11char_traitsIcESaIcEENSt7__cxx1112basic_stringIT_T0_T1_EEOS8_PKS5_
FNDA:0,_ZStplIcSt11char_traitsIcESaIcEENSt7__cxx1112basic_stringIT_T0_T1_EEOS8_PKS5_
FN:6546,_ZNSt7__cxx119to_stringEi
FNDA:0,_ZNSt7__cxx119to_stringEi
FN:6562,_ZNSt7__cxx119to_stringEm
FNDA:0,_ZNSt7__cxx119to_stringEm
DA:243,0
DA:247,0
DA:248,0
DA:243,0
DA:247,0
DA:248,0
DA:263,0
DA:266,0
DA:267,0
DA:263,0
DA:266,0
DA:267,0
DA:525,0
DA:526,0
DA:527,0
DA:625,0
DA:627,0
DA:628,0
DA:6097,0
DA:6100,0
DA:6101,0
DA:6102,0
DA:6103,0
DA:6104,0
DA:6109,0
DA:6111,0
DA:6121,0
DA:6123,0
DA:6546,0
DA:6548,0
DA:6562,0
DA:6565,0
end_of_record
SF:/usr/include/c++/9/ext/string_conversions.h
FN:99,_ZN9__gnu_cxx12__to_xstringINSt7__cxx1112basic_stringIcSt11char_traitsIcESaIcEEEcEET_PFiPT0_mPKS8_P13__va_list_tagEmSB_z
FNDA:0,_ZN9__gnu_cxx12__to_xstringINSt7__cxx1112basic_stringIcSt11char_traitsIcESaIcEEEcEET_PFiPT0_mPKS8_P13__va_list_tagEmSB_z
DA:99,0
DA:105,0
DA:109,0
DA:111,0
DA:113,0
DA:115,0
end_of_record
SF:/home/john/cse701/roc/include/vectorf.hpp
FN:69,_ZN7vectorfIdE4dataEv
FNDA:0,_ZN7vectorfIdE4dataEv
FN:98,_ZN7vectorfIdEC2ERKm
FNDA:0,_ZN7vectorfIdEC2ERKm
FN:165,_ZNK7vectorfIdE8get_sizeEv
FNDA:0,_ZNK7vectorfIdE8get_sizeEv
FN:172,_ZN7vectorfIdEclERKm
FNDA:0,_ZN7vectorfIdEclERKm
FN:179,_ZNK7vectorfIdEclERKm
FNDA:0,_ZNK7vectorfIdEclERKm
DA:69,0
DA:98,0
DA:100,0
DA:101,0
DA:102,0
DA:103,0
DA:165,0
DA:167,0
DA:172,0
DA:174,0
DA:179,0
DA:181,0
end_of_record
SF:/usr/include/c++/9/cmath
FN:415,_ZSt3powIidEN9__gnu_cxx11__promote_2IT_T0_NS0_9__promoteIS2_XsrSt12__is_integerIS2_E7__valueEE6__typeENS4_IS3_XsrS5_IS3_E7__valueEE6__typeEE6__typeES2_S3_
FNDA:2,_ZSt3powIidEN9__gnu_cxx11__promote_2IT_T0_NS0_9__promoteIS2_XsrSt12__is_integerIS2_E7__valueEE6__typeENS4_IS3_XsrS5_IS3_E7__valueEE6__typeEE6__typeES2_S3_
DA:415,2
DA:418,2
end_of_record
SF:/usr/include/c++/9/iostream
end_of_record
SF:/usr/include/c++/9/bits/stl_vector.h
FN:915,_ZNKSt6vectorIdSaIdEE4sizeEv
FNDA:0,_ZNKSt6vectorIdSaIdEE4sizeEv
FN:1058,_ZNKSt6vectorIdSaIdEEixEm
FNDA:0,_ZNKSt6vectorIdSaIdEEixEm
DA:915,0
DA:916,0
DA:1058,0
DA:1061,0
end_of_record
SF:/usr/include/c++/9/bits/basic_string.tcc
FN:206,_ZNSt7__cxx1112basic_stringIcSt11char_traitsIcESaIcEE12_M_constructIPcEEvT_S7_St20forward_iterator_tag
FNDA:0,_ZNSt7__cxx1112basic_stringIcSt11char_traitsIcESaIcEE12_M_constructIPcEEvT_S7_St20forward_iterator_tag
FN:206,_ZNSt7__cxx1112basic_stringIcSt11char_traitsIcESaIcEE12_M_constructIPKcEEvT_S8_St20forward_iterator_tag
FNDA:0,_ZNSt7__cxx1112basic_stringIcSt11char_traitsIcESaIcEE12_M_constructIPKcEEvT_S8_St20forward_iterator_tag
DA:206,0
DA:211,0
DA:212,0
DA:215,0
DA:217,0
DA:219,0
DA:220,0
DA:225,0
DA:226,0
DA:228,0
DA:229,0
DA:232,0
DA:233,0
DA:206,0
DA:211,0
DA:212,0
DA:215,0
DA:217,0
DA:219,0
DA:220,0
DA:225,0
DA:226,0
DA:228,0
DA:229,0
DA:232,0
DA:233,0
end_of_record
SF:/usr/include/c++/9/ext/alloc_traits.h
FN:97,_ZN9__gnu_cxx14__alloc_traitsISaIcEcE17_S_select_on_copyERKS1_
FNDA:0,_ZN9__gnu_cxx14__alloc_traitsISaIcEcE17_S_select_on_copyERKS1_
DA:97,0
DA:98,0
end_of_record
SF:/usr/include/c++/9/bits/stl_iterator_base_types.h
FN:205,_ZSt19__iterator_categoryIPcENSt15iterator_traitsIT_E17iterator_categoryERKS2_
FNDA:0,_ZSt19__iterator_categoryIPcENSt15iterator_traitsIT_E17iterator_categoryERKS2_
FN:205,_ZSt19__iterator_categoryIPKcENSt15iterator_traitsIT_E17iterator_categoryERKS3_
FNDA:0,_ZSt19__iterator_categoryIPKcENSt15iterator_traitsIT_E17iterator_categoryERKS3_
DA:205,0
DA:206,0
DA:205,0
DA:206,0
end_of_record
SF:/usr/include/c++/9/ext/new_allocator.h
FN:80,_ZN9__gnu_cxx13new_allocatorIcEC2Ev
FNDA:0,_ZN9__gnu_cxx13new_allocatorIcEC2Ev
FN:83,_ZN9__gnu_cxx13new_allocatorIcEC2ERKS1_
FNDA:0,_ZN9__gnu_cxx13new_allocatorIcEC2ERKS1_
FN:89,_ZN9__gnu_cxx13new_allocatorIcED2Ev
FNDA:0,_ZN9__gnu_cxx13new_allocatorIcED2Ev
DA:80,0
DA:83,0
DA:89,0
end_of_record
SF:/usr/include/c++/9/bits/char_traits.h
FN:100,_ZN9__gnu_cxx11char_traitsIcE2eqERKcS3_
FNDA:0,_ZN9__gnu_cxx11char_traitsIcE2eqERKcS3_
FN:161,_ZN9__gnu_cxx11char_traitsIcE6lengthEPKc
FNDA:0,_ZN9__gnu_cxx11char_traitsIcE6lengthEPKc
FN:329,_ZNSt11char_traitsIcE6lengthEPKc
FNDA:0,_ZNSt11char_traitsIcE6lengthEPKc
FN:361,_ZNSt11char_traitsIcE4copyEPcPKcm
FNDA:0,_ZNSt11char_traitsIcE4copyEPcPKcm
DA:100,0
DA:101,0
DA:161,0
DA:164,0
DA:165,0
DA:166,0
DA:167,0
DA:236,0
DA:329,0
DA:332,0
DA:333,0
DA:335,0
DA:361,0
DA:363,0
DA:364,0
DA:365,0
end_of_record
SF:/usr/include/c++/9/bits/alloc_traits.h
FN:514,_ZNSt16allocator_traitsISaIcEE37select_on_container_copy_constructionERKS0_
FNDA:0,_ZNSt16allocator_traitsISaIcEE37select_on_container_copy_constructionERKS0_
DA:514,0
DA:515,0
end_of_record
SF:/home/john/cse701/roc/include/exceptions.hpp
FN:10,_ZN10sayMessageC2ERKNSt7__cxx1112basic_stringIcSt11char_traitsIcESaIcEEE
FNDA:0,_ZN10sayMessageC2ERKNSt7__cxx1112basic_stringIcSt11char_traitsIcESaIcEEE
FN:11,_ZNK10sayMessage4whatEv
FNDA:0,_ZNK10sayMessage4whatEv
DA:10,0
DA:11,0
end_of_record
SF:/usr/include/c++/9/ext/type_traits.h
FN:152,_ZN9__gnu_cxx17__is_null_pointerIcEEbPT_
FNDA:0,_ZN9__gnu_cxx17__is_null_pointerIcEEbPT_
FN:152,_ZN9__gnu_cxx17__is_null_pointerIKcEEbPT_
FNDA:0,_ZN9__gnu_cxx17__is_null_pointerIKcEEbPT_
DA:152,0
DA:153,0
DA:152,0
DA:153,0
end_of_record
SF:/home/john/cse701/roc/include/matrix.hpp
FN:94,_ZN6matrixIdE4dataEv
FNDA:0,_ZN6matrixIdE4dataEv
FN:127,_ZN6matrixIdEC2ERKmS2_
FNDA:0,_ZN6matrixIdEC2ERKmS2_
FN:234,_ZNK6matrixIdE8get_rowsEv
FNDA:0,_ZNK6matrixIdE8get_rowsEv
FN:247,_ZN6matrixIdEclERKmS2_
FNDA:0,_ZN6matrixIdEclERKmS2_
DA:94,0
DA:127,0
DA:128,0
DA:130,0
DA:131,0
DA:132,0
DA:133,0
DA:134,0
DA:234,0
DA:236,0
DA:247,0
DA:249,0
end_of_record
SF:/usr/include/c++/9/bits/exception.h
FN:63,_ZNSt9exceptionC2Ev
FNDA:0,_ZNSt9exceptionC2Ev
DA:63,0
end_of_record
SF:/usr/include/c++/9/bits/move.h
FN:99,_ZSt4moveIRPdEONSt16remove_referenceIT_E4typeEOS3_
FNDA:0,_ZSt4moveIRPdEONSt16remove_referenceIT_E4typeEOS3_
FN:99,_ZSt4moveIRSaIcEEONSt16remove_referenceIT_E4typeEOS3_
FNDA:0,_ZSt4moveIRSaIcEEONSt16remove_referenceIT_E4typeEOS3_
FN:99,_ZSt4moveIRNSt7__cxx1112basic_stringIcSt11char_traitsIcESaIcEEEEONSt16remove_referenceIT_E4typeEOS8_
FNDA:0,_ZSt4moveIRNSt7__cxx1112basic_stringIcSt11char_traitsIcESaIcEEEEONSt16remove_referenceIT_E4typeEOS8_
FN:182,_ZSt4swapIPdENSt9enable_ifIXsrSt6__and_IJSt6__not_ISt15__is_tuple_likeIT_EESt21is_move_constructibleIS5_ESt18is_move_assignableIS5_EEE5valueEvE4typeERS5_SF_
FNDA:0,_ZSt4swapIPdENSt9enable_ifIXsrSt6__and_IJSt6__not_ISt15__is_tuple_likeIT_EESt21is_move_constructibleIS5_ESt18is_move_assignableIS5_EEE5valueEvE4typeERS5_SF_
DA:99,0
DA:100,0
DA:99,0
DA:100,0
DA:99,0
DA:100,0
DA:182,0
DA:193,0
DA:194,0
DA:195,0
DA:196,0
end_of_record
SF:/usr/include/c++/9/bits/unique_ptr.h
FN:111,_ZNKSt14default_deleteIA_dEclIdEENSt9enable_ifIXsrSt14is_convertibleIPA_T_PS0_E5valueEvE4typeEPS5_
FNDA:0,_ZNKSt14default_deleteIA_dEclIdEENSt9enable_ifIXsrSt14is_convertibleIPA_T_PS0_E5valueEvE4typeEPS5_
FN:146,_ZNSt15__uniq_ptr_implIdSt14default_deleteIA_dEEC2Ev
FNDA:0,_ZNSt15__uniq_ptr_implIdSt14default_deleteIA_dEEC2Ev
FN:153,_ZNSt15__uniq_ptr_implIdSt14default_deleteIA_dEE6_M_ptrEv
FNDA:0,_ZNSt15__uniq_ptr_implIdSt14default_deleteIA_dEE6_M_ptrEv
FN:154,_ZNKSt15__uniq_ptr_implIdSt14default_deleteIA_dEE6_M_ptrEv
FNDA:0,_ZNKSt15__uniq_ptr_implIdSt14default_deleteIA_dEE6_M_ptrEv
FN:155,_ZNSt15__uniq_ptr_implIdSt14default_deleteIA_dEE10_M_deleterEv
FNDA:0,_ZNSt15__uniq_ptr_implIdSt14default_deleteIA_dEE10_M_deleterEv
FN:541,_ZNSt10unique_ptrIA_dSt14default_deleteIS0_EEC2IS2_vEEDn
FNDA:0,_ZNSt10unique_ptrIA_dSt14default_deleteIS0_EEC2IS2_vEEDn
FN:555,_ZNSt10unique_ptrIA_dSt14default_deleteIS0_EED2Ev
FNDA:0,_ZNSt10unique_ptrIA_dSt14default_deleteIS0_EED2Ev
FN:619,_ZNKSt10unique_ptrIA_dSt14default_deleteIS0_EE3getEv
FNDA:0,_ZNKSt10unique_ptrIA_dSt14default_deleteIS0_EE3getEv
FN:624,_ZNSt10unique_ptrIA_dSt14default_deleteIS0_EE11get_deleterEv
FNDA:0,_ZNSt10unique_ptrIA_dSt14default_deleteIS0_EE11get_deleterEv
FN:666,_ZNSt10unique_ptrIA_dSt14default_deleteIS0_EE5resetIPdvEEvT_
FNDA:0,_ZNSt10unique_ptrIA_dSt14default_deleteIS0_EE5resetIPdvEEvT_
DA:111,0
DA:115,0
DA:116,0
DA:146,0
DA:153,0
DA:154,0
DA:155,0
DA:541,0
DA:542,0
DA:543,0
DA:555,0
DA:557,0
DA:558,0
DA:559,0
DA:560,0
DA:561,0
DA:619,0
DA:620,0
DA:624,0
DA:625,0
DA:666,0
DA:668,0
DA:670,0
DA:671,0
DA:672,0
DA:673,0
end_of_record
SF:/usr/include/c++/9/bits/stl_iterator_base_funcs.h
FN:98,_ZSt10__distanceIPcENSt15iterator_traitsIT_E15difference_typeES2_S2_St26random_access_iterator_tag
FNDA:0,_ZSt10__distanceIPcENSt15iterator_traitsIT_E15difference_typeES2_S2_St26random_access_iterator_tag
FN:98,_ZSt10__distanceIPKcENSt15iterator_traitsIT_E15difference_typeES3_S3_St26random_access_iterator_tag
FNDA:0,_ZSt10__distanceIPKcENSt15iterator_traitsIT_E15difference_typeES3_S3_St26random_access_iterator_tag
FN:138,_ZSt8distanceIPcENSt15iterator_traitsIT_E15difference_typeES2_S2_
FNDA:0,_ZSt8distanceIPcENSt15iterator_traitsIT_E15difference_typeES2_S2_
FN:138,_ZSt8distanceIPKcENSt15iterator_traitsIT_E15difference_typeES3_S3_
FNDA:0,_ZSt8distanceIPKcENSt15iterator_traitsIT_E15difference_typeES3_S3_
DA:98,0
DA:104,0
DA:98,0
DA:104,0
DA:138,0
DA:141,0
DA:142,0
DA:138,0
DA:141,0
DA:142,0
end_of_record
SF:/usr/include/c++/9/tuple
FN:76,_ZNSt10_Head_baseILm1ESt14default_deleteIA_dELb1EEC2Ev
FNDA:0,_ZNSt10_Head_baseILm1ESt14default_deleteIA_dELb1EEC2Ev
FN:113,_ZNSt10_Head_baseILm1ESt14default_deleteIA_dELb1EE7_M_headERS3_
FNDA:0,_ZNSt10_Head_baseILm1ESt14default_deleteIA_dELb1EE7_M_headERS3_
FN:122,_ZNSt10_Head_baseILm0EPdLb0EEC2Ev
FNDA:0,_ZNSt10_Head_baseILm0EPdLb0EEC2Ev
FN:160,_ZNSt10_Head_baseILm0EPdLb0EE7_M_headERS1_
FNDA:0,_ZNSt10_Head_baseILm0EPdLb0EE7_M_headERS1_
FN:163,_ZNSt10_Head_baseILm0EPdLb0EE7_M_headERKS1_
FNDA:0,_ZNSt10_Head_baseILm0EPdLb0EE7_M_headERKS1_
FN:195,_ZNSt11_Tuple_implILm0EJPdSt14default_deleteIA_dEEE7_M_headERS4_
FNDA:0,_ZNSt11_Tuple_implILm0EJPdSt14default_deleteIA_dEEE7_M_headERS4_
FN:198,_ZNSt11_Tuple_implILm0EJPdSt14default_deleteIA_dEEE7_M_headERKS4_
FNDA:0,_ZNSt11_Tuple_implILm0EJPdSt14default_deleteIA_dEEE7_M_headERKS4_
FN:206,_ZNSt11_Tuple_implILm0EJPdSt14default_deleteIA_dEEEC2Ev
FNDA:0,_ZNSt11_Tuple_implILm0EJPdSt14default_deleteIA_dEEEC2Ev
FN:334,_ZNSt11_Tuple_implILm1EJSt14default_deleteIA_dEEE7_M_headERS3_
FNDA:0,_ZNSt11_Tuple_implILm1EJSt14default_deleteIA_dEEE7_M_headERS3_
FN:339,_ZNSt11_Tuple_implILm1EJSt14default_deleteIA_dEEEC2Ev
FNDA:0,_ZNSt11_Tuple_implILm1EJSt14default_deleteIA_dEEEC2Ev
FN:918,_ZNSt5tupleIJPdSt14default_deleteIA_dEEEC2IS0_S3_Lb1EEEv
FNDA:0,_ZNSt5tupleIJPdSt14default_deleteIA_dEEEC2IS0_S3_Lb1EEEv
FN:1309,_ZSt12__get_helperILm1ESt14default_deleteIA_dEJEERT0_RSt11_Tuple_implIXT_EJS3_DpT1_EE
FNDA:0,_ZSt12__get_helperILm1ESt14default_deleteIA_dEJEERT0_RSt11_Tuple_implIXT_EJS3_DpT1_EE
FN:1309,_ZSt12__get_helperILm0EPdJSt14default_deleteIA_dEEERT0_RSt11_Tuple_implIXT_EJS4_DpT1_EE
FNDA:0,_ZSt12__get_helperILm0EPdJSt14default_deleteIA_dEEERT0_RSt11_Tuple_implIXT_EJS4_DpT1_EE
FN:1314,_ZSt12__get_helperILm0EPdJSt14default_deleteIA_dEEERKT0_RKSt11_Tuple_implIXT_EJS4_DpT1_EE
FNDA:0,_ZSt12__get_helperILm0EPdJSt14default_deleteIA_dEEERKT0_RKSt11_Tuple_implIXT_EJS4_DpT1_EE
FN:1320,_ZSt3getILm1EJPdSt14default_deleteIA_dEEERNSt13tuple_elementIXT_ESt5tupleIJDpT0_EEE4typeERS8_
FNDA:0,_ZSt3getILm1EJPdSt14default_deleteIA_dEEERNSt13tuple_elementIXT_ESt5tupleIJDpT0_EEE4typeERS8_
FN:1320,_ZSt3getILm0EJPdSt14default_deleteIA_dEEERNSt13tuple_elementIXT_ESt5tupleIJDpT0_EEE4typeERS8_
FNDA:0,_ZSt3getILm0EJPdSt14default_deleteIA_dEEERNSt13tuple_elementIXT_ESt5tupleIJDpT0_EEE4typeERS8_
FN:1326,_ZSt3getILm0EJPdSt14default_deleteIA_dEEERKNSt13tuple_elementIXT_ESt5tupleIJDpT0_EEE4typeERKS8_
FNDA:0,_ZSt3getILm0EJPdSt14default_deleteIA_dEEERKNSt13tuple_elementIXT_ESt5tupleIJDpT0_EEE4typeERKS8_
DA:76,0
DA:77,0
DA:113,0
DA:122,0
DA:123,0
DA:160,0
DA:163,0
DA:195,0
DA:198,0
DA:206,0
DA:207,0
DA:334,0
DA:339,0
DA:340,0
DA:918,0
DA:919,0
DA:1309,0
DA:1310,0
DA:1309,0
DA:1310,0
DA:1314,0
DA:1315,0
DA:1320,0
DA:1321,0
DA:1320,0
DA:1321,0
DA:1326,0
DA:1327,0
end_of_record
SF:/usr/include/c++/9/limits
FN:1784,_ZNSt14numeric_limitsIdE9quiet_NaNEv
FNDA:2,_ZNSt14numeric_limitsIdE9quiet_NaNEv
DA:1784,2
end_of_record
SF:/home/john/cse701/roc/src/topline.cpp
FN:11,_Z30constructLinearLeastSquaresRowRKSt6vectorIdSaIdEEiRdS4_S4_
FNDA:101,_Z30constructLinearLeastSquaresRowRKSt6vectorIdSaIdEEiRdS4_S4_
FN:19,_Z33constructLinearLeastSquaresSystemRKSt6vectorIdSaIdEEiR6matrixIdER7vectorfIdE
FNDA:5,_Z33constructLinearLeastSquaresSystemRKSt6vectorIdSaIdEEiR6matrixIdER7vectorfIdE
FN:50,_Z12errorTopLineRKSt6vectorIdSaIdEERK7vectorfIdE
FNDA:2,_Z12errorTopLineRKSt6vectorIdSaIdEERK7vectorfIdE
FN:93,_Z7toplineRKSt6vectorIdSaIdEERKdRdS6_
FNDA:3,_Z7toplineRKSt6vectorIdSaIdEERKdRdS6_
DA:11,101
DA:14,101
DA:15,101
DA:16,101
DA:17,101
DA:19,5
DA:24,5
DA:27,4
DA:28,8
DA:29,6
DA:30,2
DA:33,3
DA:36,2
DA:37,4
DA:38,1
DA:39,2
DA:40,1
DA:43,42
DA:45,40
DA:47,2
DA:50,2
DA:52,2
DA:54,4
DA:55,2
DA:56,42
DA:58,40
DA:59,40
DA:60,40
DA:62,2
DA:63,2
DA:64,2
DA:65,4
DA:93,3
DA:96,3
DA:97,3
DA:98,3
DA:99,6
DA:100,4
DA:103,3
DA:106,2
DA:107,2
DA:108,1
DA:112,2
DA:115,2
DA:117,2
DA:118,2
DA:121,2
DA:122,4
end_of_record
TN:
SF:/usr/include/c++/9/bits/allocator.h
FN:138,_ZNSaIdEC2Ev
FNDA:0,_ZNSaIdEC2Ev
FN:153,_ZNSaIdED2Ev
FNDA:0,_ZNSaIdED2Ev
DA:138,0
DA:153,0
end_of_record
SF:/home/john/cse701/roc/src/io.cpp
FN:13,_ZlsRSoRKSt6vectorIdSaIdEE
FNDA:1,_ZlsRSoRKSt6vectorIdSaIdEE
FN:23,_Z12read_numbersRKNSt7__cxx1112basic_stringIcSt11char_traitsIcESaIcEEE
FNDA:2673,_Z12read_numbersRKNSt7__cxx1112basic_stringIcSt11char_traitsIcESaIcEEE
FN:42,_Z11cwd_path_toRKNSt7__cxx1112basic_stringIcSt11char_traitsIcESaIcEEE
FNDA:3,_Z11cwd_path_toRKNSt7__cxx1112basic_stringIcSt11char_traitsIcESaIcEEE
DA:13,1
DA:15,1
DA:16,1
DA:17,31
DA:18,1
DA:19,1
DA:23,2673
DA:26,2673
DA:28,5346
DA:30,5346
DA:32,90882
DA:35,88209
DA:37,5346
DA:42,3
DA:44,4
DA:45,3
DA:46,17
DA:48,16
DA:49,18
DA:51,2
DA:52,1
end_of_record
SF:/usr/include/c++/9/string_view
FN:129,_ZNSt17basic_string_viewIcSt11char_traitsIcEEC2EPKcm
FNDA:16,_ZNSt17basic_string_viewIcSt11char_traitsIcEEC2EPKcm
FN:173,_ZNKSt17basic_string_viewIcSt11char_traitsIcEE4sizeEv
FNDA:0,_ZNKSt17basic_string_viewIcSt11char_traitsIcEE4sizeEv
FN:228,_ZNKSt17basic_string_viewIcSt11char_traitsIcEE4dataEv
FNDA:0,_ZNKSt17basic_string_viewIcSt11char_traitsIcEE4dataEv
DA:129,16
DA:130,16
DA:131,16
DA:173,0
DA:174,0
DA:228,0
DA:229,0
end_of_record
SF:/usr/include/c++/9/bits/stl_iterator_base_types.h
FN:205,_ZSt19__iterator_categoryIPcENSt15iterator_traitsIT_E17iterator_categoryERKS2_
FNDA:0,_ZSt19__iterator_categoryIPcENSt15iterator_traitsIT_E17iterator_categoryERKS2_
FN:205,_ZSt19__iterator_categoryIPKcENSt15iterator_traitsIT_E17iterator_categoryERKS3_
FNDA:0,_ZSt19__iterator_categoryIPKcENSt15iterator_traitsIT_E17iterator_categoryERKS3_
DA:205,0
DA:206,0
DA:205,0
DA:206,0
end_of_record
SF:/usr/include/c++/9/ext/new_allocator.h
FN:80,_ZN9__gnu_cxx13new_allocatorIdEC2Ev
FNDA:0,_ZN9__gnu_cxx13new_allocatorIdEC2Ev
FN:80,_ZN9__gnu_cxx13new_allocatorIcEC2Ev
FNDA:0,_ZN9__gnu_cxx13new_allocatorIcEC2Ev
FN:83,_ZN9__gnu_cxx13new_allocatorIcEC2ERKS1_
FNDA:0,_ZN9__gnu_cxx13new_allocatorIcEC2ERKS1_
FN:89,_ZN9__gnu_cxx13new_allocatorIdED2Ev
FNDA:0,_ZN9__gnu_cxx13new_allocatorIdED2Ev
FN:89,_ZN9__gnu_cxx13new_allocatorIcED2Ev
FNDA:0,_ZN9__gnu_cxx13new_allocatorIcED2Ev
FN:102,_ZN9__gnu_cxx13new_allocatorIdE8allocateEmPKv
FNDA:0,_ZN9__gnu_cxx13new_allocatorIdE8allocateEmPKv
FN:119,_ZN9__gnu_cxx13new_allocatorIdE10deallocateEPdm
FNDA:0,_ZN9__gnu_cxx13new_allocatorIdE10deallocateEPdm
FN:132,_ZNK9__gnu_cxx13new_allocatorIdE8max_sizeEv
FNDA:0,_ZNK9__gnu_cxx13new_allocatorIdE8max_sizeEv
FN:144,_ZN9__gnu_cxx13new_allocatorIdE9constructIdJdEEEvPT_DpOT0_
FNDA:88209,_ZN9__gnu_cxx13new_allocatorIdE9constructIdJdEEEvPT_DpOT0_
DA:80,0
DA:80,0
DA:83,0
DA:89,0
DA:89,0
DA:102,0
DA:104,0
DA:105,0
DA:114,0
DA:119,0
DA:128,0
DA:132,0
DA:135,0
DA:144,88209
DA:147,88209
end_of_record
SF:/usr/include/c++/9/bits/stl_construct.h
FN:117,_ZNSt12_Destroy_auxILb1EE9__destroyIPdEEvT_S3_
FNDA:0,_ZNSt12_Destroy_auxILb1EE9__destroyIPdEEvT_S3_
FN:127,_ZSt8_DestroyIPdEvT_S1_
FNDA:0,_ZSt8_DestroyIPdEvT_S1_
FN:203,_ZSt8_DestroyIPddEvT_S1_RSaIT0_E
FNDA:0,_ZSt8_DestroyIPddEvT_S1_RSaIT0_E
DA:117,0
DA:127,0
DA:137,0
DA:138,0
DA:203,0
DA:206,0
DA:207,0
end_of_record
SF:/usr/include/c++/9/bits/stl_iterator.h
FN:806,_ZN9__gnu_cxx17__normal_iteratorIPdSt6vectorIdSaIdEEEC2ERKS1_
FNDA:0,_ZN9__gnu_cxx17__normal_iteratorIPdSt6vectorIdSaIdEEEC2ERKS1_
FN:819,_ZNK9__gnu_cxx17__normal_iteratorIPdSt6vectorIdSaIdEEEdeEv
FNDA:0,_ZNK9__gnu_cxx17__normal_iteratorIPdSt6vectorIdSaIdEEEdeEv
FN:867,_ZNK9__gnu_cxx17__normal_iteratorIPdSt6vectorIdSaIdEEEmiEl
FNDA:0,_ZNK9__gnu_cxx17__normal_iteratorIPdSt6vectorIdSaIdEEEmiEl
FN:871,_ZNK9__gnu_cxx17__normal_iteratorIPdSt6vectorIdSaIdEEE4baseEv
FNDA:74844,_ZNK9__gnu_cxx17__normal_iteratorIPdSt6vectorIdSaIdEEE4baseEv
FN:989,_ZN9__gnu_cxxmiIPdSt6vectorIdSaIdEEEENS_17__normal_iteratorIT_T0_E15difference_typeERKS8_SB_
FNDA:18711,_ZN9__gnu_cxxmiIPdSt6vectorIdSaIdEEEENS_17__normal_iteratorIT_T0_E15difference_typeERKS8_SB_
DA:806,0
DA:807,0
DA:819,0
DA:820,0
DA:867,0
DA:868,0
DA:871,74844
DA:872,74844
DA:989,18711
DA:992,18711
end_of_record
SF:/usr/include/c++/9/bits/char_traits.h
FN:100,_ZN9__gnu_cxx11char_traitsIcE2eqERKcS3_
FNDA:0,_ZN9__gnu_cxx11char_traitsIcE2eqERKcS3_
FN:161,_ZN9__gnu_cxx11char_traitsIcE6lengthEPKc
FNDA:0,_ZN9__gnu_cxx11char_traitsIcE6lengthEPKc
FN:329,_ZNSt11char_traitsIcE6lengthEPKc
FNDA:0,_ZNSt11char_traitsIcE6lengthEPKc
DA:100,0
DA:101,0
DA:161,0
DA:164,0
DA:165,0
DA:166,0
DA:167,0
DA:236,0
DA:329,0
DA:332,0
DA:333,0
DA:335,0
end_of_record
SF:/usr/include/c++/9/bits/alloc_traits.h
FN:443,_ZNSt16allocator_traitsISaIdEE8allocateERS0_m
FNDA:0,_ZNSt16allocator_traitsISaIdEE8allocateERS0_m
FN:469,_ZNSt16allocator_traitsISaIdEE10deallocateERS0_Pdm
FNDA:0,_ZNSt16allocator_traitsISaIdEE10deallocateERS0_Pdm
FN:482,_ZNSt16allocator_traitsISaIdEE9constructIdJdEEEvRS0_PT_DpOT0_
FNDA:88209,_ZNSt16allocator_traitsISaIdEE9constructIdJdEEEvRS0_PT_DpOT0_
FN:505,_ZNSt16allocator_traitsISaIdEE8max_sizeERKS0_
FNDA:0,_ZNSt16allocator_traitsISaIdEE8max_sizeERKS0_
FN:514,_ZNSt16allocator_traitsISaIcEE37select_on_container_copy_constructionERKS0_
FNDA:0,_ZNSt16allocator_traitsISaIcEE37select_on_container_copy_constructionERKS0_
DA:443,0
DA:444,0
DA:469,0
DA:470,0
DA:482,88209
DA:484,88209
DA:505,0
DA:506,0
DA:514,0
DA:515,0
end_of_record
SF:/usr/include/c++/9/bits/stl_algobase.h
FN:198,_ZSt3minImERKT_S2_S2_
FNDA:0,_ZSt3minImERKT_S2_S2_
FN:222,_ZSt3maxImERKT_S2_S2_
FNDA:0,_ZSt3maxImERKT_S2_S2_
FN:280,_ZSt12__niter_baseIPdET_S1_
FNDA:0,_ZSt12__niter_baseIPdET_S1_
DA:198,0
DA:203,0
DA:204,0
DA:205,0
DA:222,0
DA:227,0
DA:228,0
DA:229,0
DA:280,0
DA:282,0
end_of_record
SF:/usr/include/c++/9/ext/type_traits.h
FN:152,_ZN9__gnu_cxx17__is_null_pointerIcEEbPT_
FNDA:0,_ZN9__gnu_cxx17__is_null_pointerIcEEbPT_
FN:152,_ZN9__gnu_cxx17__is_null_pointerIKcEEbPT_
FNDA:0,_ZN9__gnu_cxx17__is_null_pointerIKcEEbPT_
DA:152,0
DA:153,0
DA:152,0
DA:153,0
end_of_record
SF:/home/john/cse701/roc/include/exceptions.hpp
FN:10,_ZN10sayMessageC2ERKNSt7__cxx1112basic_stringIcSt11char_traitsIcESaIcEEE
FNDA:0,_ZN10sayMessageC2ERKNSt7__cxx1112basic_stringIcSt11char_traitsIcESaIcEEE
FN:11,_ZNK10sayMessage4whatEv
FNDA:0,_ZNK10sayMessage4whatEv
DA:10,0
DA:11,0
end_of_record
SF:/usr/include/c++/9/bits/unique_ptr.h
FN:153,_ZNSt15__uniq_ptr_implINSt10filesystem7__cxx114path5_List5_ImplENS3_13_Impl_deleterEE6_M_ptrEv
FNDA:0,_ZNSt15__uniq_ptr_implINSt10filesystem7__cxx114path5_List5_ImplENS3_13_Impl_deleterEE6_M_ptrEv
FN:154,_ZNKSt15__uniq_ptr_implINSt10filesystem7__cxx114path5_List5_ImplENS3_13_Impl_deleterEE6_M_ptrEv
FNDA:0,_ZNKSt15__uniq_ptr_implINSt10filesystem7__cxx114path5_List5_ImplENS3_13_Impl_deleterEE6_M_ptrEv
FN:155,_ZNSt15__uniq_ptr_implINSt10filesystem7__cxx114path5_List5_ImplENS3_13_Impl_deleterEE10_M_deleterEv
FNDA:0,_ZNSt15__uniq_ptr_implINSt10filesystem7__cxx114path5_List5_ImplENS3_13_Impl_deleterEE10_M_deleterEv
FN:286,_ZNSt10unique_ptrINSt10filesystem7__cxx114path5_List5_ImplENS3_13_Impl_deleterEED2Ev
FNDA:0,_ZNSt10unique_ptrINSt10filesystem7__cxx114path5_List5_ImplENS3_13_Impl_deleterEED2Ev
FN:360,_ZNKSt10unique_ptrINSt10filesystem7__cxx114path5_List5_ImplENS3_13_Impl_deleterEE3getEv
FNDA:0,_ZNKSt10unique_ptrINSt10filesystem7__cxx114path5_List5_ImplENS3_13_Impl_deleterEE3getEv
FN:365,_ZNSt10unique_ptrINSt10filesystem7__cxx114path5_List5_ImplENS3_13_Impl_deleterEE11get_deleterEv
FNDA:0,_ZNSt10unique_ptrINSt10filesystem7__cxx114path5_List5_ImplENS3_13_Impl_deleterEE11get_deleterEv
DA:153,0
DA:154,0
DA:155,0
DA:286,0
DA:290,0
DA:291,0
DA:292,0
DA:293,0
DA:294,0
DA:360,0
DA:361,0
DA:365,0
DA:366,0
end_of_record
SF:/usr/include/c++/9/bits/stl_iterator_base_funcs.h
FN:98,_ZSt10__distanceIPcENSt15iterator_traitsIT_E15difference_typeES2_S2_St26random_access_iterator_tag
FNDA:0,_ZSt10__distanceIPcENSt15iterator_traitsIT_E15difference_typeES2_S2_St26random_access_iterator_tag
FN:98,_ZSt10__distanceIPKcENSt15iterator_traitsIT_E15difference_typeES3_S3_St26random_access_iterator_tag
FNDA:0,_ZSt10__distanceIPKcENSt15iterator_traitsIT_E15difference_typeES3_S3_St26random_access_iterator_tag
FN:138,_ZSt8distanceIPcENSt15iterator_traitsIT_E15difference_typeES2_S2_
FNDA:0,_ZSt8distanceIPcENSt15iterator_traitsIT_E15difference_typeES2_S2_
FN:138,_ZSt8distanceIPKcENSt15iterator_traitsIT_E15difference_typeES3_S3_
FNDA:0,_ZSt8distanceIPKcENSt15iterator_traitsIT_E15difference_typeES3_S3_
DA:98,0
DA:104,0
DA:98,0
DA:104,0
DA:138,0
DA:141,0
DA:142,0
DA:138,0
DA:141,0
DA:142,0
end_of_record
SF:/usr/include/c++/9/bits/exception.h
FN:63,_ZNSt9exceptionC2Ev
FNDA:0,_ZNSt9exceptionC2Ev
DA:63,0
end_of_record
SF:/usr/include/c++/9/bits/move.h
FN:74,_ZSt7forwardIdEOT_RNSt16remove_referenceIS0_E4typeE
FNDA:283338,_ZSt7forwardIdEOT_RNSt16remove_referenceIS0_E4typeE
FN:99,_ZSt4moveIRdEONSt16remove_referenceIT_E4typeEOS2_
FNDA:88209,_ZSt4moveIRdEONSt16remove_referenceIT_E4typeEOS2_
FN:99,_ZSt4moveIRSaIcEEONSt16remove_referenceIT_E4typeEOS3_
FNDA:0,_ZSt4moveIRSaIcEEONSt16remove_referenceIT_E4typeEOS3_
FN:99,_ZSt4moveIRPNSt10filesystem7__cxx114path5_List5_ImplEEONSt16remove_referenceIT_E4typeEOS8_
FNDA:0,_ZSt4moveIRPNSt10filesystem7__cxx114path5_List5_ImplEEONSt16remove_referenceIT_E4typeEOS8_
DA:74,283338
DA:75,283338
DA:99,88209
DA:100,88209
DA:99,0
DA:100,0
DA:99,0
DA:100,0
end_of_record
SF:/usr/include/c++/9/tuple
FN:113,_ZNSt10_Head_baseILm1ENSt10filesystem7__cxx114path5_List13_Impl_deleterELb1EE7_M_headERS5_
FNDA:0,_ZNSt10_Head_baseILm1ENSt10filesystem7__cxx114path5_List13_Impl_deleterELb1EE7_M_headERS5_
FN:160,_ZNSt10_Head_baseILm0EPNSt10filesystem7__cxx114path5_List5_ImplELb0EE7_M_headERS6_
FNDA:0,_ZNSt10_Head_baseILm0EPNSt10filesystem7__cxx114path5_List5_ImplELb0EE7_M_headERS6_
FN:163,_ZNSt10_Head_baseILm0EPNSt10filesystem7__cxx114path5_List5_ImplELb0EE7_M_headERKS6_
FNDA:0,_ZNSt10_Head_baseILm0EPNSt10filesystem7__cxx114path5_List5_ImplELb0EE7_M_headERKS6_
FN:195,_ZNSt11_Tuple_implILm0EJPNSt10filesystem7__cxx114path5_List5_ImplENS3_13_Impl_deleterEEE7_M_headERS7_
FNDA:0,_ZNSt11_Tuple_implILm0EJPNSt10filesystem7__cxx114path5_List5_ImplENS3_13_Impl_deleterEEE7_M_headERS7_
FN:198,_ZNSt11_Tuple_implILm0EJPNSt10filesystem7__cxx114path5_List5_ImplENS3_13_Impl_deleterEEE7_M_headERKS7_
FNDA:0,_ZNSt11_Tuple_implILm0EJPNSt10filesystem7__cxx114path5_List5_ImplENS3_13_Impl_deleterEEE7_M_headERKS7_
FN:334,_ZNSt11_Tuple_implILm1EJNSt10filesystem7__cxx114path5_List13_Impl_deleterEEE7_M_headERS5_
FNDA:0,_ZNSt11_Tuple_implILm1EJNSt10filesystem7__cxx114path5_List13_Impl_deleterEEE7_M_headERS5_
FN:1309,_ZSt12__get_helperILm1ENSt10filesystem7__cxx114path5_List13_Impl_deleterEJEERT0_RSt11_Tuple_implIXT_EJS5_DpT1_EE
FNDA:0,_ZSt12__get_helperILm1ENSt10filesystem7__cxx114path5_List13_Impl_deleterEJEERT0_RSt11_Tuple_implIXT_EJS5_DpT1_EE
FN:1309,_ZSt12__get_helperILm0EPNSt10filesystem7__cxx114path5_List5_ImplEJNS3_13_Impl_deleterEEERT0_RSt11_Tuple_implIXT_EJS7_DpT1_EE
FNDA:0,_ZSt12__get_helperILm0EPNSt10filesystem7__cxx114path5_List5_ImplEJNS3_13_Impl_deleterEEERT0_RSt11_Tuple_implIXT_EJS7_DpT1_EE
FN:1314,_ZSt12__get_helperILm0EPNSt10filesystem7__cxx114path5_List5_ImplEJNS3_13_Impl_deleterEEERKT0_RKSt11_Tuple_implIXT_EJS7_DpT1_EE
FNDA:0,_ZSt12__get_helperILm0EPNSt10filesystem7__cxx114path5_List5_ImplEJNS3_13_Impl_deleterEEERKT0_RKSt11_Tuple_implIXT_EJS7_DpT1_EE
FN:1320,_ZSt3getILm1EJPNSt10filesystem7__cxx114path5_List5_ImplENS3_13_Impl_deleterEEERNSt13tuple_elementIXT_ESt5tupleIJDpT0_EEE4typeERSB_
FNDA:0,_ZSt3getILm1EJPNSt10filesystem7__cxx114path5_List5_ImplENS3_13_Impl_deleterEEERNSt13tuple_elementIXT_ESt5tupleIJDpT0_EEE4typeERSB_
FN:1320,_ZSt3getILm0EJPNSt10filesystem7__cxx114path5_List5_ImplENS3_13_Impl_deleterEEERNSt13tuple_elementIXT_ESt5tupleIJDpT0_EEE4typeERSB_
FNDA:0,_ZSt3getILm0EJPNSt10filesystem7__cxx114path5_List5_ImplENS3_13_Impl_deleterEEERNSt13tuple_elementIXT_ESt5tupleIJDpT0_EEE4typeERSB_
FN:1326,_ZSt3getILm0EJPNSt10filesystem7__cxx114path5_List5_ImplENS3_13_Impl_deleterEEERKNSt13tuple_elementIXT_ESt5tupleIJDpT0_EEE4typeERKSB_
FNDA:0,_ZSt3getILm0EJPNSt10filesystem7__cxx114path5_List5_ImplENS3_13_Impl_deleterEEERKNSt13tuple_elementIXT_ESt5tupleIJDpT0_EEE4typeERKSB_
DA:113,0
DA:160,0
DA:163,0
DA:195,0
DA:198,0
DA:334,0
DA:1309,0
DA:1310,0
DA:1309,0
DA:1310,0
DA:1314,0
DA:1315,0
DA:1320,0
DA:1321,0
DA:1320,0
DA:1321,0
DA:1326,0
DA:1327,0
end_of_record
SF:/usr/include/c++/9/ext/string_conversions.h
FN:54,_ZN9__gnu_cxx6__stoaIddcJEEET0_PFT_PKT1_PPS3_DpT2_EPKcS5_PmS9_
FNDA:88209,_ZN9__gnu_cxx6__stoaIddcJEEET0_PFT_PKT1_PPS3_DpT2_EPKcS5_PmS9_
FN:63,_ZZN9__gnu_cxx6__stoaIddcJEEET0_PFT_PKT1_PPS3_DpT2_EPKcS5_PmS9_EN11_Save_errnoC2Ev
FNDA:88209,_ZZN9__gnu_cxx6__stoaIddcJEEET0_PFT_PKT1_PPS3_DpT2_EPKcS5_PmS9_EN11_Save_errnoC2Ev
FN:64,_ZZN9__gnu_cxx6__stoaIddcJEEET0_PFT_PKT1_PPS3_DpT2_EPKcS5_PmS9_EN11_Save_errnoD2Ev
FNDA:88209,_ZZN9__gnu_cxx6__stoaIddcJEEET0_PFT_PKT1_PPS3_DpT2_EPKcS5_PmS9_EN11_Save_errnoD2Ev
FN:70,_ZZN9__gnu_cxx6__stoaIddcJEEET0_PFT_PKT1_PPS3_DpT2_EPKcS5_PmS9_EN10_Range_chk6_S_chkEdSt17integral_constantIbLb0EE
FNDA:88209,_ZZN9__gnu_cxx6__stoaIddcJEEET0_PFT_PKT1_PPS3_DpT2_EPKcS5_PmS9_EN10_Range_chk6_S_chkEdSt17integral_constantIbLb0EE
DA:54,88209
DA:63,88209
DA:64,88209
DA:66,88209
DA:70,88209
DA:80,88209
DA:82,88209
DA:83,0
DA:84,176418
DA:85,88209
DA:86,0
DA:88,88209
DA:90,88209
DA:91,0
DA:93,176418
end_of_record
SF:/usr/include/c++/9/bits/basic_string.h
FN:243,_ZNSt7__cxx1112basic_stringIcSt11char_traitsIcESaIcEE16_M_construct_auxIPcEEvT_S7_St12__false_type
FNDA:0,_ZNSt7__cxx1112basic_stringIcSt11char_traitsIcESaIcEE16_M_construct_auxIPcEEvT_S7_St12__false_type
FN:243,_ZNSt7__cxx1112basic_stringIcSt11char_traitsIcESaIcEE16_M_construct_auxIPKcEEvT_S8_St12__false_type
FNDA:0,_ZNSt7__cxx1112basic_stringIcSt11char_traitsIcESaIcEE16_M_construct_auxIPKcEEvT_S8_St12__false_type
FN:263,_ZNSt7__cxx1112basic_stringIcSt11char_traitsIcESaIcEE12_M_constructIPcEEvT_S7_
FNDA:0,_ZNSt7__cxx1112basic_stringIcSt11char_traitsIcESaIcEE12_M_constructIPcEEvT_S7_
FN:263,_ZNSt7__cxx1112basic_stringIcSt11char_traitsIcESaIcEE12_M_constructIPKcEEvT_S8_
FNDA:0,_ZNSt7__cxx1112basic_stringIcSt11char_traitsIcESaIcEE12_M_constructIPKcEEvT_S8_
FN:525,_ZNSt7__cxx1112basic_stringIcSt11char_traitsIcESaIcEEC2IS3_EEPKcRKS3_
FNDA:0,_ZNSt7__cxx1112basic_stringIcSt11char_traitsIcESaIcEEC2IS3_EEPKcRKS3_
FN:650,_ZNSt7__cxx1112basic_stringIcSt11char_traitsIcESaIcEEC2ISt17basic_string_viewIcS2_EvEERKT_RKS3_
FNDA:0,_ZNSt7__cxx1112basic_stringIcSt11char_traitsIcESaIcEEC2ISt17basic_string_viewIcS2_EvEERKT_RKS3_
FN:6533,_ZNSt7__cxx114stodERKNS_12basic_stringIcSt11char_traitsIcESaIcEEEPm
FNDA:88209,_ZNSt7__cxx114stodERKNS_12basic_stringIcSt11char_traitsIcESaIcEEEPm
DA:243,0
DA:247,0
DA:248,0
DA:243,0
DA:247,0
DA:248,0
DA:263,0
DA:266,0
DA:267,0
DA:263,0
DA:266,0
DA:267,0
DA:525,0
DA:526,0
DA:527,0
DA:650,0
DA:651,0
DA:6533,88209
DA:6534,88209
end_of_record
SF:/usr/include/c++/9/bits/vector.tcc
FN:109,_ZNSt6vectorIdSaIdEE12emplace_backIJdEEERdDpOT_
FNDA:88209,_ZNSt6vectorIdSaIdEE12emplace_backIJdEEERdDpOT_
FN:426,_ZNSt6vectorIdSaIdEE17_M_realloc_insertIJdEEEvN9__gnu_cxx17__normal_iteratorIPdS1_EEDpOT_
FNDA:18711,_ZNSt6vectorIdSaIdEE17_M_realloc_insertIJdEEEvN9__gnu_cxx17__normal_iteratorIPdS1_EEDpOT_
DA:109,88209
DA:112,88209
DA:115,69498
DA:117,69498
DA:121,18711
DA:123,88209
DA:426,18711
DA:435,18711
DA:437,18711
DA:438,18711
DA:439,18711
DA:440,18711
DA:441,18711
DA:449,18711
DA:450,18711
DA:456,18711
DA:461,18711
DA:462,18711
DA:464,18711
DA:466,18711
DA:467,18711
DA:500,18711
DA:501,18711
DA:502,18711
DA:503,18711
DA:504,18711
DA:505,18711
end_of_record
SF:/usr/include/c++/9/bits/stl_uninitialized.h
FN:924,_ZSt14__relocate_a_1IddENSt9enable_ifIXsrSt24__is_bitwise_relocatableIT_vE5valueEPS2_E4typeES4_S4_S4_RSaIT0_E
FNDA:37422,_ZSt14__relocate_a_1IddENSt9enable_ifIXsrSt24__is_bitwise_relocatableIT_vE5valueEPS2_E4typeES4_S4_S4_RSaIT0_E
FN:958,_ZSt12__relocate_aIPdS0_SaIdEET0_T_S3_S2_RT1_
FNDA:37422,_ZSt12__relocate_aIPdS0_SaIdEET0_T_S3_S2_RT1_
DA:924,37422
DA:927,37422
DA:928,37422
DA:929,16038
DA:930,37422
DA:958,37422
DA:964,37422
DA:966,37422
end_of_record
SF:/usr/include/c++/9/bits/fs_path.h
FN:135,_ZNSt10filesystem7__cxx114path14_S_range_beginIcSt11char_traitsIcESaIcEEEPKT_RKNSt7__cxx1112basic_stringIS6_T0_T1_EE
FNDA:16,_ZNSt10filesystem7__cxx114path14_S_range_beginIcSt11char_traitsIcESaIcEEEPKT_RKNSt7__cxx1112basic_stringIS6_T0_T1_EE
FN:140,_ZNSt10filesystem7__cxx114path12_S_range_endIcSt11char_traitsIcESaIcEEEPKT_RKNSt7__cxx1112basic_stringIS6_T0_T1_EE
FNDA:16,_ZNSt10filesystem7__cxx114path12_S_range_endIcSt11char_traitsIcESaIcEEEPKT_RKNSt7__cxx1112basic_stringIS6_T0_T1_EE
FN:173,_ZNSt10filesystem7__cxx114pathC2Ev
FNDA:0,_ZNSt10filesystem7__cxx114pathC2Ev
FN:191,_ZNSt10filesystem7__cxx114pathC2INSt7__cxx1112basic_stringIcSt11char_traitsIcESaIcEEES1_EERKT_NS1_6formatE
FNDA:16,_ZNSt10filesystem7__cxx114pathC2INSt7__cxx1112basic_stringIcSt11char_traitsIcESaIcEEES1_EERKT_NS1_6formatE
FN:218,_ZNSt10filesystem7__cxx114pathD2Ev
FNDA:0,_ZNSt10filesystem7__cxx114pathD2Ev
FN:376,_ZNKSt10filesystem7__cxx114path5emptyEv
FNDA:0,_ZNKSt10filesystem7__cxx114path5emptyEv
FN:439,_ZNSt10filesystem7__cxx11eqERKNS0_4pathES3_
FNDA:16,_ZNSt10filesystem7__cxx11eqERKNS0_4pathES3_
FN:503,_ZNSt10filesystem7__cxx114path10_S_convertEPKcS3_
FNDA:16,_ZNSt10filesystem7__cxx114path10_S_convertEPKcS3_
FN:552,_ZNKSt10filesystem7__cxx114path7_M_typeEv
FNDA:83,_ZNKSt10filesystem7__cxx114path7_M_typeEv
FN:569,_ZNSt10filesystem7__cxx114path5_ListD2Ev
FNDA:0,_ZNSt10filesystem7__cxx114path5_ListD2Ev
FN:571,_ZNKSt10filesystem7__cxx114path5_List4typeEv
FNDA:83,_ZNKSt10filesystem7__cxx114path5_List4typeEv
FN:829,_ZNSt10filesystem7__cxx11neERKNS0_4path8iteratorES4_
FNDA:17,_ZNSt10filesystem7__cxx11neERKNS0_4path8iteratorES4_
FN:866,_ZNSt10filesystem7__cxx114path8iteratorC2EPKS1_PKNS1_5_CmptE
FNDA:20,_ZNSt10filesystem7__cxx114path8iteratorC2EPKS1_PKNS1_5_CmptE
FN:870,_ZNSt10filesystem7__cxx114path8iteratorC2EPKS1_b
FNDA:0,_ZNSt10filesystem7__cxx114path8iteratorC2EPKS1_b
FN:1196,_ZNKSt10filesystem7__cxx114path5beginEv
FNDA:3,_ZNKSt10filesystem7__cxx114path5beginEv
FN:1204,_ZNKSt10filesystem7__cxx114path3endEv
FNDA:17,_ZNKSt10filesystem7__cxx114path3endEv
FN:1212,_ZNSt10filesystem7__cxx114path8iteratorppEv
FNDA:14,_ZNSt10filesystem7__cxx114path8iteratorppEv
FN:1246,_ZNKSt10filesystem7__cxx114path8iteratordeEv
FNDA:32,_ZNKSt10filesystem7__cxx114path8iteratordeEv
FN:1258,_ZNKSt10filesystem7__cxx114path8iterator9_M_equalsES2_
FNDA:17,_ZNKSt10filesystem7__cxx114path8iterator9_M_equalsES2_
DA:135,16
DA:136,16
DA:140,16
DA:141,16
DA:173,0
DA:191,16
DA:192,16
DA:193,32
DA:194,16
DA:218,0
DA:376,0
DA:439,16
DA:440,16
DA:503,16
DA:504,16
DA:552,83
DA:569,0
DA:571,83
DA:572,83
DA:829,17
DA:830,17
DA:866,20
DA:867,20
DA:868,20
DA:870,0
DA:871,0
DA:872,0
DA:1196,3
DA:1198,3
DA:1199,3
DA:1200,0
DA:1204,17
DA:1206,17
DA:1207,17
DA:1208,0
DA:1212,14
DA:1215,14
DA:1218,14
DA:1223,0
DA:1225,14
DA:1246,32
DA:1249,32
DA:1252,32
DA:1254,0
DA:1258,17
DA:1260,17
DA:1261,0
DA:1262,17
DA:1263,0
DA:1264,17
DA:1265,17
DA:1266,0
end_of_record
SF:/usr/include/c++/9/bits/stl_vector.h
FN:94,_ZNSt12_Vector_baseIdSaIdEE17_Vector_impl_dataC2Ev
FNDA:0,_ZNSt12_Vector_baseIdSaIdEE17_Vector_impl_dataC2Ev
FN:128,_ZNSt12_Vector_baseIdSaIdEE12_Vector_implC2Ev
FNDA:0,_ZNSt12_Vector_baseIdSaIdEE12_Vector_implC2Ev
FN:273,_ZNSt12_Vector_baseIdSaIdEE19_M_get_Tp_allocatorEv
FNDA:0,_ZNSt12_Vector_baseIdSaIdEE19_M_get_Tp_allocatorEv
FN:277,_ZNKSt12_Vector_baseIdSaIdEE19_M_get_Tp_allocatorEv
FNDA:0,_ZNKSt12_Vector_baseIdSaIdEE19_M_get_Tp_allocatorEv
FN:285,_ZNSt12_Vector_baseIdSaIdEEC2Ev
FNDA:0,_ZNSt12_Vector_baseIdSaIdEEC2Ev
FN:330,_ZNSt12_Vector_baseIdSaIdEED2Ev
FNDA:0,_ZNSt12_Vector_baseIdSaIdEED2Ev
FN:340,_ZNSt12_Vector_baseIdSaIdEE11_M_allocateEm
FNDA:0,_ZNSt12_Vector_baseIdSaIdEE11_M_allocateEm
FN:347,_ZNSt12_Vector_baseIdSaIdEE13_M_deallocateEPdm
FNDA:0,_ZNSt12_Vector_baseIdSaIdEE13_M_deallocateEPdm
FN:450,_ZNSt6vectorIdSaIdEE14_S_do_relocateEPdS2_S2_RS0_St17integral_constantIbLb1EE
FNDA:37422,_ZNSt6vectorIdSaIdEE14_S_do_relocateEPdS2_S2_RS0_St17integral_constantIbLb1EE
FN:462,_ZNSt6vectorIdSaIdEE11_S_relocateEPdS2_S2_RS0_
FNDA:37422,_ZNSt6vectorIdSaIdEE11_S_relocateEPdS2_S2_RS0_
FN:484,_ZNSt6vectorIdSaIdEEC2Ev
FNDA:0,_ZNSt6vectorIdSaIdEEC2Ev
FN:675,_ZNSt6vectorIdSaIdEED2Ev
FNDA:0,_ZNSt6vectorIdSaIdEED2Ev
FN:808,_ZNSt6vectorIdSaIdEE5beginEv
FNDA:18711,_ZNSt6vectorIdSaIdEE5beginEv
FN:826,_ZNSt6vectorIdSaIdEE3endEv
FNDA:0,_ZNSt6vectorIdSaIdEE3endEv
FN:915,_ZNKSt6vectorIdSaIdEE4sizeEv
FNDA:0,_ZNKSt6vectorIdSaIdEE4sizeEv
FN:920,_ZNKSt6vectorIdSaIdEE8max_sizeEv
FNDA:37422,_ZNKSt6vectorIdSaIdEE8max_sizeEv
FN:1058,_ZNKSt6vectorIdSaIdEEixEm
FNDA:0,_ZNKSt6vectorIdSaIdEEixEm
FN:1140,_ZNSt6vectorIdSaIdEE4backEv
FNDA:0,_ZNSt6vectorIdSaIdEE4backEv
FN:1200,_ZNSt6vectorIdSaIdEE9push_backEOd
FNDA:88209,_ZNSt6vectorIdSaIdEE9push_backEOd
FN:1753,_ZNKSt6vectorIdSaIdEE12_M_check_lenEmPKc
FNDA:18711,_ZNKSt6vectorIdSaIdEE12_M_check_lenEmPKc
FN:1773,_ZNSt6vectorIdSaIdEE11_S_max_sizeERKS0_
FNDA:0,_ZNSt6vectorIdSaIdEE11_S_max_sizeERKS0_
DA:94,0
DA:95,0
DA:96,0
DA:128,0
DA:130,0
DA:131,0
DA:273,0
DA:274,0
DA:277,0
DA:278,0
DA:285,0
DA:330,0
DA:332,0
DA:333,0
DA:334,0
DA:340,0
DA:343,0
DA:347,0
DA:350,0
DA:351,0
DA:352,0
DA:450,37422
DA:453,37422
DA:462,37422
DA:466,37422
DA:484,0
DA:675,0
DA:677,0
DA:678,0
DA:680,0
DA:808,18711
DA:809,18711
DA:826,0
DA:827,0
DA:915,0
DA:916,0
DA:920,37422
DA:921,37422
DA:1058,0
DA:1061,0
DA:1140,0
DA:1143,0
DA:1200,88209
DA:1201,88209
DA:1753,18711
DA:1755,18711
DA:1756,0
DA:1758,18711
DA:1759,18711
DA:1773,0
DA:1778,0
DA:1780,0
DA:1781,0
end_of_record
SF:/usr/include/c++/9/iostream
end_of_record
SF:/usr/include/c++/9/new
FN:173,_ZnwmPv
FNDA:0,_ZnwmPv
DA:173,0
DA:174,0
end_of_record
SF:/usr/include/c++/9/ext/alloc_traits.h
FN:97,_ZN9__gnu_cxx14__alloc_traitsISaIcEcE17_S_select_on_copyERKS1_
FNDA:0,_ZN9__gnu_cxx14__alloc_traitsISaIcEcE17_S_select_on_copyERKS1_
DA:97,0
DA:98,0
end_of_record
SF:/usr/include/c++/9/bits/basic_string.tcc
FN:206,_ZNSt7__cxx1112basic_stringIcSt11char_traitsIcESaIcEE12_M_constructIPcEEvT_S7_St20forward_iterator_tag
FNDA:0,_ZNSt7__cxx1112basic_stringIcSt11char_traitsIcESaIcEE12_M_constructIPcEEvT_S7_St20forward_iterator_tag
FN:206,_ZNSt7__cxx1112basic_stringIcSt11char_traitsIcESaIcEE12_M_constructIPKcEEvT_S8_St20forward_iterator_tag
FNDA:0,_ZNSt7__cxx1112basic_stringIcSt11char_traitsIcESaIcEE12_M_constructIPKcEEvT_S8_St20forward_iterator_tag
DA:206,0
DA:211,0
DA:212,0
DA:215,0
DA:217,0
DA:219,0
DA:220,0
DA:225,0
DA:226,0
DA:228,0
DA:229,0
DA:232,0
DA:233,0
DA:206,0
DA:211,0
DA:212,0
DA:215,0
DA:217,0
DA:219,0
DA:220,0
DA:225,0
DA:226,0
DA:228,0
DA:229,0
DA:232,0
DA:233,0
end_of_record
TN:
SF:/usr/include/c++/9/bits/stl_algobase.h
FN:222,_ZSt3maxIiERKT_S2_S2_
FNDA:102,_ZSt3maxIiERKT_S2_S2_
DA:222,102
DA:227,102
DA:228,68
DA:229,34
end_of_record
SF:/home/john/cse701/roc/src/minnormsol.cpp
FN:18,_Z15MinNormSolutioniiPdS_
FNDA:34,_Z15MinNormSolutioniiPdS_
DA:18,34
DA:23,34
DA:24,34
DA:25,34
DA:26,34
DA:30,34
DA:32,34
DA:33,34
DA:35,0
DA:37,0
DA:40,34
DA:43,34
DA:46,34
DA:48,34
DA:50,34
DA:52,0
DA:54,0
DA:56,34
DA:58,0
DA:60,0
DA:61,0
DA:62,0
DA:64,34
end_of_record
TN:
SF:/usr/include/c++/9/bits/stl_uninitialized.h
FN:99,_ZNSt20__uninitialized_copyILb1EE13__uninit_copyIPKiPiEET0_T_S6_S5_
FNDA:0,_ZNSt20__uninitialized_copyILb1EE13__uninit_copyIPKiPiEET0_T_S6_S5_
FN:115,_ZSt18uninitialized_copyIPKiPiET0_T_S4_S3_
FNDA:0,_ZSt18uninitialized_copyIPKiPiET0_T_S4_S3_
FN:305,_ZSt22__uninitialized_copy_aIPKiPiiET0_T_S4_S3_RSaIT1_E
FNDA:0,_ZSt22__uninitialized_copy_aIPKiPiiET0_T_S4_S3_RSaIT1_E
DA:99,0
DA:101,0
DA:115,0
DA:134,0
DA:140,0
DA:305,0
DA:307,0
end_of_record
SF:/usr/include/c++/9/bits/basic_string.h
FN:243,_ZNSt7__cxx1112basic_stringIcSt11char_traitsIcESaIcEE16_M_construct_auxIPcEEvT_S7_St12__false_type
FNDA:0,_ZNSt7__cxx1112basic_stringIcSt11char_traitsIcESaIcEE16_M_construct_auxIPcEEvT_S7_St12__false_type
FN:243,_ZNSt7__cxx1112basic_stringIcSt11char_traitsIcESaIcEE16_M_construct_auxIPKcEEvT_S8_St12__false_type
FNDA:0,_ZNSt7__cxx1112basic_stringIcSt11char_traitsIcESaIcEE16_M_construct_auxIPKcEEvT_S8_St12__false_type
FN:263,_ZNSt7__cxx1112basic_stringIcSt11char_traitsIcESaIcEE12_M_constructIPcEEvT_S7_
FNDA:0,_ZNSt7__cxx1112basic_stringIcSt11char_traitsIcESaIcEE12_M_constructIPcEEvT_S7_
FN:263,_ZNSt7__cxx1112basic_stringIcSt11char_traitsIcESaIcEE12_M_constructIPKcEEvT_S8_
FNDA:0,_ZNSt7__cxx1112basic_stringIcSt11char_traitsIcESaIcEE12_M_constructIPKcEEvT_S8_
FN:525,_ZNSt7__cxx1112basic_stringIcSt11char_traitsIcESaIcEEC2IS3_EEPKcRKS3_
FNDA:0,_ZNSt7__cxx1112basic_stringIcSt11char_traitsIcESaIcEEC2IS3_EEPKcRKS3_
FN:6175,_ZSteqIcSt11char_traitsIcESaIcEEbRKNSt7__cxx1112basic_stringIT_T0_T1_EEPKS5_
FNDA:0,_ZSteqIcSt11char_traitsIcESaIcEEbRKNSt7__cxx1112basic_stringIT_T0_T1_EEPKS5_
FN:6213,_ZStneIcSt11char_traitsIcESaIcEEbRKNSt7__cxx1112basic_stringIT_T0_T1_EEPKS5_
FNDA:0,_ZStneIcSt11char_traitsIcESaIcEEbRKNSt7__cxx1112basic_stringIT_T0_T1_EEPKS5_
DA:243,0
DA:247,0
DA:248,0
DA:243,0
DA:247,0
DA:248,0
DA:263,0
DA:266,0
DA:267,0
DA:263,0
DA:266,0
DA:267,0
DA:525,0
DA:526,0
DA:527,0
DA:6175,0
DA:6177,0
DA:6213,0
DA:6215,0
end_of_record
SF:/usr/local/include/gmock/gmock-matchers.h
FN:90,_ZN7testing25StringMatchResultListenerC2Ev
FNDA:0,_ZN7testing25StringMatchResultListenerC2Ev
FN:93,_ZNK7testing25StringMatchResultListener3strB5cxx11Ev
FNDA:0,_ZNK7testing25StringMatchResultListener3strB5cxx11Ev
FN:121,_ZN7testing8internal15MatcherCastImplIRKiNS0_9EqMatcherIiEEE4CastERKS5_
FNDA:0,_ZN7testing8internal15MatcherCastImplIRKiNS0_9EqMatcherIiEEE4CastERKS5_
FN:121,_ZN7testing8internal15MatcherCastImplIRKiNS0_9EqMatcherImEEE4CastERKS5_
FNDA:0,_ZN7testing8internal15MatcherCastImplIRKiNS0_9EqMatcherImEEE4CastERKS5_
FN:121,_ZN7testing8internal15MatcherCastImplIRKmNS0_9EqMatcherIiEEE4CastERKS5_
FNDA:0,_ZN7testing8internal15MatcherCastImplIRKmNS0_9EqMatcherIiEEE4CastERKS5_
FN:142,_ZN7testing8internal15MatcherCastImplIRKiNS0_9EqMatcherImEEE8CastImplILb0EEENS_7MatcherIS3_EERKS5_St17integral_constantIbLb1EESC_IbXT_EE
FNDA:0,_ZN7testing8internal15MatcherCastImplIRKiNS0_9EqMatcherImEEE8CastImplILb0EEENS_7MatcherIS3_EERKS5_St17integral_constantIbLb1EESC_IbXT_EE
FN:142,_ZN7testing8internal15MatcherCastImplIRKiNS0_9EqMatcherIiEEE8CastImplILb0EEENS_7MatcherIS3_EERKS5_St17integral_constantIbLb1EESC_IbXT_EE
FNDA:0,_ZN7testing8internal15MatcherCastImplIRKiNS0_9EqMatcherIiEEE8CastImplILb0EEENS_7MatcherIS3_EERKS5_St17integral_constantIbLb1EESC_IbXT_EE
FN:142,_ZN7testing8internal15MatcherCastImplIRKmNS0_9EqMatcherIiEEE8CastImplILb0EEENS_7MatcherIS3_EERKS5_St17integral_constantIbLb1EESC_IbXT_EE
FNDA:0,_ZN7testing8internal15MatcherCastImplIRKmNS0_9EqMatcherIiEEE8CastImplILb0EEENS_7MatcherIS3_EERKS5_St17integral_constantIbLb1EESC_IbXT_EE
FN:259,_ZN7testing19SafeMatcherCastImplIRKiE4CastINS_8internal9EqMatcherImEEEENS_7MatcherIS2_EERKT_
FNDA:0,_ZN7testing19SafeMatcherCastImplIRKiE4CastINS_8internal9EqMatcherImEEEENS_7MatcherIS2_EERKT_
FN:259,_ZN7testing19SafeMatcherCastImplIRKmE4CastINS_8internal9EqMatcherIiEEEENS_7MatcherIS2_EERKT_
FNDA:0,_ZN7testing19SafeMatcherCastImplIRKmE4CastINS_8internal9EqMatcherIiEEEENS_7MatcherIS2_EERKT_
FN:259,_ZN7testing19SafeMatcherCastImplIRKiE4CastINS_8internal9EqMatcherIiEEEENS_7MatcherIS2_EERKT_
FNDA:0,_ZN7testing19SafeMatcherCastImplIRKiE4CastINS_8internal9EqMatcherIiEEEENS_7MatcherIS2_EERKT_
FN:297,_ZN7testing15SafeMatcherCastIRKiNS_8internal9EqMatcherIiEEEENS_7MatcherIT_EERKT0_
FNDA:0,_ZN7testing15SafeMatcherCastIRKiNS_8internal9EqMatcherIiEEEENS_7MatcherIT_EERKT0_
FN:297,_ZN7testing15SafeMatcherCastIRKiNS_8internal9EqMatcherImEEEENS_7MatcherIT_EERKT0_
FNDA:0,_ZN7testing15SafeMatcherCastIRKiNS_8internal9EqMatcherImEEEENS_7MatcherIT_EERKT0_
FN:297,_ZN7testing15SafeMatcherCastIRKmNS_8internal9EqMatcherIiEEEENS_7MatcherIT_EERKT0_
FNDA:0,_ZN7testing15SafeMatcherCastIRKmNS_8internal9EqMatcherIiEEEENS_7MatcherIT_EERKT0_
FN:310,_ZN7testing8internal15PrintIfNotEmptyERKNSt7__cxx1112basic_stringIcSt11char_traitsIcESaIcEEEPSo
FNDA:0,_ZN7testing8internal15PrintIfNotEmptyERKNSt7__cxx1112basic_stringIcSt11char_traitsIcESaIcEEEPSo
FN:320,_ZN7testing8internal18IsReadableTypeNameERKNSt7__cxx1112basic_stringIcSt11char_traitsIcESaIcEEE
FNDA:0,_ZN7testing8internal18IsReadableTypeNameERKNSt7__cxx1112basic_stringIcSt11char_traitsIcESaIcEEE
FN:333,_ZN7testing8internal20MatchPrintAndExplainIKiRS2_EEbRT_RKNS_7MatcherIT0_EEPNS_19MatchResultListenerE
FNDA:0,_ZN7testing8internal20MatchPrintAndExplainIKiRS2_EEbRT_RKNS_7MatcherIT0_EEPNS_19MatchResultListenerE
FN:333,_ZN7testing8internal20MatchPrintAndExplainIKmRS2_EEbRT_RKNS_7MatcherIT0_EEPNS_19MatchResultListenerE
FNDA:0,_ZN7testing8internal20MatchPrintAndExplainIKmRS2_EEbRT_RKNS_7MatcherIT0_EEPNS_19MatchResultListenerE
FN:1295,_ZN7testing8internal29PredicateFormatterFromMatcherINS0_9EqMatcherImEEEC2ES3_
FNDA:0,_ZN7testing8internal29PredicateFormatterFromMatcherINS0_9EqMatcherImEEEC2ES3_
FN:1295,_ZN7testing8internal29PredicateFormatterFromMatcherINS0_9EqMatcherIiEEEC2ES3_
FNDA:0,_ZN7testing8internal29PredicateFormatterFromMatcherINS0_9EqMatcherIiEEEC2ES3_
FN:1301,_ZNK7testing8internal29PredicateFormatterFromMatcherINS0_9EqMatcherIiEEEclIiEENS_15AssertionResultEPKcRKT_
FNDA:0,_ZNK7testing8internal29PredicateFormatterFromMatcherINS0_9EqMatcherIiEEEclIiEENS_15AssertionResultEPKcRKT_
FN:1301,_ZNK7testing8internal29PredicateFormatterFromMatcherINS0_9EqMatcherImEEEclIiEENS_15AssertionResultEPKcRKT_
FNDA:0,_ZNK7testing8internal29PredicateFormatterFromMatcherINS0_9EqMatcherImEEEclIiEENS_15AssertionResultEPKcRKT_
FN:1301,_ZNK7testing8internal29PredicateFormatterFromMatcherINS0_9EqMatcherIiEEEclImEENS_15AssertionResultEPKcRKT_
FNDA:0,_ZNK7testing8internal29PredicateFormatterFromMatcherINS0_9EqMatcherIiEEEclImEENS_15AssertionResultEPKcRKT_
FN:1348,_ZN7testing8internal33MakePredicateFormatterFromMatcherINS0_9EqMatcherImEEEENS0_29PredicateFormatterFromMatcherIT_EES5_
FNDA:0,_ZN7testing8internal33MakePredicateFormatterFromMatcherINS0_9EqMatcherImEEEENS0_29PredicateFormatterFromMatcherIT_EES5_
FN:1348,_ZN7testing8internal33MakePredicateFormatterFromMatcherINS0_9EqMatcherIiEEEENS0_29PredicateFormatterFromMatcherIT_EES5_
[...]
FNDA:0,_ZNK7testing8internal11MatcherBaseIRKdE10DescribeToEPSo
FN:298,_ZN7testing8internal11MatcherBaseIRKdEC2EPKNS_16MatcherInterfaceIS3_EE
FNDA:0,_ZN7testing8internal11MatcherBaseIRKdEC2EPKNS_16MatcherInterfaceIS3_EE
FN:298,_ZN7testing8internal11MatcherBaseIRKmEC2EPKNS_16MatcherInterfaceIS3_EE
FNDA:0,_ZN7testing8internal11MatcherBaseIRKmEC2EPKNS_16MatcherInterfaceIS3_EE
FN:312,_ZN7testing8internal11MatcherBaseIRKdED2Ev
FNDA:0,_ZN7testing8internal11MatcherBaseIRKdED2Ev
FN:312,_ZN7testing8internal11MatcherBaseIRKdED0Ev
FNDA:0,_ZN7testing8internal11MatcherBaseIRKdED0Ev
FN:312,_ZN7testing8internal11MatcherBaseIRKmED0Ev
FNDA:0,_ZN7testing8internal11MatcherBaseIRKmED0Ev
FN:312,_ZN7testing8internal11MatcherBaseIRKmED2Ev
FNDA:0,_ZN7testing8internal11MatcherBaseIRKmED2Ev
FN:333,_ZN7testing7MatcherIRKmEC2EPKNS_16MatcherInterfaceIS2_EE
FNDA:0,_ZN7testing7MatcherIRKmEC2EPKNS_16MatcherInterfaceIS2_EE
FN:333,_ZN7testing7MatcherIRKdEC2EPKNS_16MatcherInterfaceIS2_EE
FNDA:0,_ZN7testing7MatcherIRKdEC2EPKNS_16MatcherInterfaceIS2_EE
FN:501,_ZN7testing11MakeMatcherIRKdEENS_7MatcherIT_EEPKNS_16MatcherInterfaceIS4_EE
FNDA:0,_ZN7testing11MakeMatcherIRKdEENS_7MatcherIT_EEPKNS_16MatcherInterfaceIS4_EE
FN:531,_ZN7testing8internal14ComparisonBaseINS0_9EqMatcherIiEEiNS0_5AnyEqEEC2ERKi
FNDA:0,_ZN7testing8internal14ComparisonBaseINS0_9EqMatcherIiEEiNS0_5AnyEqEEC2ERKi
FN:533,_ZNK7testing8internal14ComparisonBaseINS0_9EqMatcherIiEEiNS0_5AnyEqEEcvNS_7MatcherIT_EEIRKmEEv
FNDA:0,_ZNK7testing8internal14ComparisonBaseINS0_9EqMatcherIiEEiNS0_5AnyEqEEcvNS_7MatcherIT_EEIRKmEEv
FN:539,_ZN7testing8internal14ComparisonBaseINS0_9EqMatcherIiEEiNS0_5AnyEqEE6UnwrapIiEERKT_S9_
FNDA:0,_ZN7testing8internal14ComparisonBaseINS0_9EqMatcherIiEEiNS0_5AnyEqEE6UnwrapIiEERKT_S9_
FN:546,_ZN7testing8internal14ComparisonBaseINS0_9EqMatcherIiEEiNS0_5AnyEqEE4ImplIRKmiEC2ERKi
FNDA:0,_ZN7testing8internal14ComparisonBaseINS0_9EqMatcherIiEEiNS0_5AnyEqEE4ImplIRKmiEC2ERKi
FN:547,_ZNK7testing8internal14ComparisonBaseINS0_9EqMatcherIiEEiNS0_5AnyEqEE4ImplIRKmiE15MatchAndExplainES8_PNS_19MatchResultListenerE
FNDA:0,_ZNK7testing8internal14ComparisonBaseINS0_9EqMatcherIiEEiNS0_5AnyEqEE4ImplIRKmiE15MatchAndExplainES8_PNS_19MatchResultListenerE
FN:551,_ZNK7testing8internal14ComparisonBaseINS0_9EqMatcherIiEEiNS0_5AnyEqEE4ImplIRKmiE10DescribeToEPSo
FNDA:0,_ZNK7testing8internal14ComparisonBaseINS0_9EqMatcherIiEEiNS0_5AnyEqEE4ImplIRKmiE10DescribeToEPSo
FN:555,_ZNK7testing8internal14ComparisonBaseINS0_9EqMatcherIiEEiNS0_5AnyEqEE4ImplIRKmiE18DescribeNegationToEPSo
FNDA:0,_ZNK7testing8internal14ComparisonBaseINS0_9EqMatcherIiEEiNS0_5AnyEqEE4ImplIRKmiE18DescribeNegationToEPSo
FN:569,_ZN7testing8internal9EqMatcherIiEC2ERKi
FNDA:0,_ZN7testing8internal9EqMatcherIiEC2ERKi
FN:571,_ZN7testing8internal9EqMatcherIiE4DescEv
FNDA:0,_ZN7testing8internal9EqMatcherIiE4DescEv
FN:572,_ZN7testing8internal9EqMatcherIiE11NegatedDescEv
FNDA:0,_ZN7testing8internal9EqMatcherIiE11NegatedDescEv
FN:695,_ZN7testing2EqIiEENS_8internal9EqMatcherIT_EES3_
FNDA:0,_ZN7testing2EqIiEENS_8internal9EqMatcherIT_EES3_
DA:85,0
DA:91,0
DA:92,0
DA:93,0
DA:91,0
DA:92,0
DA:93,0
DA:91,0
DA:92,0
DA:93,0
DA:97,0
DA:103,0
DA:111,0
DA:112,0
DA:111,0
DA:112,0
DA:118,0
DA:118,0
DA:133,0
DA:134,0
DA:135,0
DA:136,0
DA:137,0
DA:211,0
DA:237,0
DA:263,0
DA:264,0
DA:263,0
DA:264,0
DA:268,0
DA:269,0
DA:270,0
DA:268,0
DA:269,0
DA:270,0
DA:274,0
DA:274,0
DA:298,0
DA:298,0
DA:312,0
DA:312,0
DA:312,0
DA:312,0
DA:333,0
DA:334,0
DA:333,0
DA:334,0
DA:501,0
DA:502,0
DA:531,0
DA:533,0
DA:534,0
DA:539,0
DA:546,0
DA:547,0
DA:549,0
DA:551,0
DA:552,0
DA:553,0
DA:554,0
DA:555,0
DA:556,0
DA:557,0
DA:558,0
DA:569,0
DA:570,0
DA:571,0
DA:572,0
DA:695,0
end_of_record
SF:/usr/include/c++/9/bits/shared_ptr_base.h
FN:117,_ZNSt16_Sp_counted_baseILN9__gnu_cxx12_Lock_policyE2EEC2Ev
FNDA:0,_ZNSt16_Sp_counted_baseILN9__gnu_cxx12_Lock_policyE2EEC2Ev
FN:121,_ZNSt16_Sp_counted_baseILN9__gnu_cxx12_Lock_policyE2EED0Ev
FNDA:0,_ZNSt16_Sp_counted_baseILN9__gnu_cxx12_Lock_policyE2EED0Ev
FN:121,_ZNSt16_Sp_counted_baseILN9__gnu_cxx12_Lock_policyE2EED2Ev
FNDA:0,_ZNSt16_Sp_counted_baseILN9__gnu_cxx12_Lock_policyE2EED2Ev
FN:131,_ZNSt16_Sp_counted_baseILN9__gnu_cxx12_Lock_policyE2EE10_M_destroyEv
FNDA:0,_ZNSt16_Sp_counted_baseILN9__gnu_cxx12_Lock_policyE2EE10_M_destroyEv
FN:148,_ZNSt16_Sp_counted_baseILN9__gnu_cxx12_Lock_policyE2EE10_M_releaseEv
FNDA:0,_ZNSt16_Sp_counted_baseILN9__gnu_cxx12_Lock_policyE2EE10_M_releaseEv
FN:372,_ZNSt15_Sp_counted_ptrIPKN7testing16MatcherInterfaceIRKdEELN9__gnu_cxx12_Lock_policyE2EEC2ES6_
FNDA:0,_ZNSt15_Sp_counted_ptrIPKN7testing16MatcherInterfaceIRKdEELN9__gnu_cxx12_Lock_policyE2EEC2ES6_
FN:372,_ZNSt15_Sp_counted_ptrIPKN7testing16MatcherInterfaceIRKmEELN9__gnu_cxx12_Lock_policyE2EEC2ES6_
FNDA:0,_ZNSt15_Sp_counted_ptrIPKN7testing16MatcherInterfaceIRKmEELN9__gnu_cxx12_Lock_policyE2EEC2ES6_
FN:376,_ZNSt15_Sp_counted_ptrIPKN7testing16MatcherInterfaceIRKmEELN9__gnu_cxx12_Lock_policyE2EE10_M_disposeEv
FNDA:0,_ZNSt15_Sp_counted_ptrIPKN7testing16MatcherInterfaceIRKmEELN9__gnu_cxx12_Lock_policyE2EE10_M_disposeEv
FN:376,_ZNSt15_Sp_counted_ptrIPKN7testing16MatcherInterfaceIRKdEELN9__gnu_cxx12_Lock_policyE2EE10_M_disposeEv
FNDA:0,_ZNSt15_Sp_counted_ptrIPKN7testing16MatcherInterfaceIRKdEELN9__gnu_cxx12_Lock_policyE2EE10_M_disposeEv
FN:380,_ZNSt15_Sp_counted_ptrIPKN7testing16MatcherInterfaceIRKmEELN9__gnu_cxx12_Lock_policyE2EE10_M_destroyEv
FNDA:0,_ZNSt15_Sp_counted_ptrIPKN7testing16MatcherInterfaceIRKmEELN9__gnu_cxx12_Lock_policyE2EE10_M_destroyEv
FN:380,_ZNSt15_Sp_counted_ptrIPKN7testing16MatcherInterfaceIRKdEELN9__gnu_cxx12_Lock_policyE2EE10_M_destroyEv
FNDA:0,_ZNSt15_Sp_counted_ptrIPKN7testing16MatcherInterfaceIRKdEELN9__gnu_cxx12_Lock_policyE2EE10_M_destroyEv
FN:384,_ZNSt15_Sp_counted_ptrIPKN7testing16MatcherInterfaceIRKmEELN9__gnu_cxx12_Lock_policyE2EE14_M_get_deleterERKSt9type_info
FNDA:0,_ZNSt15_Sp_counted_ptrIPKN7testing16MatcherInterfaceIRKmEELN9__gnu_cxx12_Lock_policyE2EE14_M_get_deleterERKSt9type_info
FN:384,_ZNSt15_Sp_counted_ptrIPKN7testing16MatcherInterfaceIRKdEELN9__gnu_cxx12_Lock_policyE2EE14_M_get_deleterERKSt9type_info
FNDA:0,_ZNSt15_Sp_counted_ptrIPKN7testing16MatcherInterfaceIRKdEELN9__gnu_cxx12_Lock_policyE2EE14_M_get_deleterERKSt9type_info
FN:621,_ZNSt14__shared_countILN9__gnu_cxx12_Lock_policyE2EEC2IPKN7testing16MatcherInterfaceIRKmEEEET_
FNDA:0,_ZNSt14__shared_countILN9__gnu_cxx12_Lock_policyE2EEC2IPKN7testing16MatcherInterfaceIRKmEEEET_
FN:621,_ZNSt14__shared_countILN9__gnu_cxx12_Lock_policyE2EEC2IPKN7testing16MatcherInterfaceIRKdEEEET_
FNDA:0,_ZNSt14__shared_countILN9__gnu_cxx12_Lock_policyE2EEC2IPKN7testing16MatcherInterfaceIRKdEEEET_
FN:635,_ZNSt14__shared_countILN9__gnu_cxx12_Lock_policyE2EEC2IPKN7testing16MatcherInterfaceIRKdEEEET_St17integral_constantIbLb0EE
FNDA:0,_ZNSt14__shared_countILN9__gnu_cxx12_Lock_policyE2EEC2IPKN7testing16MatcherInterfaceIRKdEEEET_St17integral_constantIbLb0EE
FN:635,_ZNSt14__shared_countILN9__gnu_cxx12_Lock_policyE2EEC2IPKN7testing16MatcherInterfaceIRKmEEEET_St17integral_constantIbLb0EE
FNDA:0,_ZNSt14__shared_countILN9__gnu_cxx12_Lock_policyE2EEC2IPKN7testing16MatcherInterfaceIRKmEEEET_St17integral_constantIbLb0EE
FN:727,_ZNSt14__shared_countILN9__gnu_cxx12_Lock_policyE2EED2Ev
FNDA:0,_ZNSt14__shared_countILN9__gnu_cxx12_Lock_policyE2EED2Ev
FN:1012,_ZNKSt19__shared_ptr_accessIKN7testing16MatcherInterfaceIRKmEELN9__gnu_cxx12_Lock_policyE2ELb0ELb0EEptEv
FNDA:0,_ZNKSt19__shared_ptr_accessIKN7testing16MatcherInterfaceIRKmEELN9__gnu_cxx12_Lock_policyE2ELb0ELb0EEptEv
FN:1012,_ZNKSt19__shared_ptr_accessIKN7testing16MatcherInterfaceIRKdEELN9__gnu_cxx12_Lock_policyE2ELb0ELb0EEptEv
FNDA:0,_ZNKSt19__shared_ptr_accessIKN7testing16MatcherInterfaceIRKdEELN9__gnu_cxx12_Lock_policyE2ELb0ELb0EEptEv
FN:1020,_ZNKSt19__shared_ptr_accessIKN7testing16MatcherInterfaceIRKmEELN9__gnu_cxx12_Lock_policyE2ELb0ELb0EE6_M_getEv
FNDA:0,_ZNKSt19__shared_ptr_accessIKN7testing16MatcherInterfaceIRKmEELN9__gnu_cxx12_Lock_policyE2ELb0ELb0EE6_M_getEv
FN:1020,_ZNKSt19__shared_ptr_accessIKN7testing16MatcherInterfaceIRKdEELN9__gnu_cxx12_Lock_policyE2ELb0ELb0EE6_M_getEv
FNDA:0,_ZNKSt19__shared_ptr_accessIKN7testing16MatcherInterfaceIRKdEELN9__gnu_cxx12_Lock_policyE2ELb0ELb0EE6_M_getEv
FN:1124,_ZNSt12__shared_ptrIKN7testing16MatcherInterfaceIRKmEELN9__gnu_cxx12_Lock_policyE2EEC2IS5_vEEPT_
FNDA:0,_ZNSt12__shared_ptrIKN7testing16MatcherInterfaceIRKmEELN9__gnu_cxx12_Lock_policyE2EEC2IS5_vEEPT_
FN:1124,_ZNSt12__shared_ptrIKN7testing16MatcherInterfaceIRKdEELN9__gnu_cxx12_Lock_policyE2EEC2IS5_vEEPT_
FNDA:0,_ZNSt12__shared_ptrIKN7testing16MatcherInterfaceIRKdEELN9__gnu_cxx12_Lock_policyE2EEC2IS5_vEEPT_
FN:1169,_ZNSt12__shared_ptrIKN7testing16MatcherInterfaceIRKmEELN9__gnu_cxx12_Lock_policyE2EED2Ev
FNDA:0,_ZNSt12__shared_ptrIKN7testing16MatcherInterfaceIRKmEELN9__gnu_cxx12_Lock_policyE2EED2Ev
FN:1169,_ZNSt12__shared_ptrIKN7testing16MatcherInterfaceIRKdEELN9__gnu_cxx12_Lock_policyE2EED2Ev
FNDA:0,_ZNSt12__shared_ptrIKN7testing16MatcherInterfaceIRKdEELN9__gnu_cxx12_Lock_policyE2EED2Ev
FN:1309,_ZNKSt12__shared_ptrIKN7testing16MatcherInterfaceIRKdEELN9__gnu_cxx12_Lock_policyE2EE3getEv
FNDA:0,_ZNKSt12__shared_ptrIKN7testing16MatcherInterfaceIRKdEELN9__gnu_cxx12_Lock_policyE2EE3getEv
FN:1309,_ZNKSt12__shared_ptrIKN7testing16MatcherInterfaceIRKmEELN9__gnu_cxx12_Lock_policyE2EE3getEv
FNDA:0,_ZNKSt12__shared_ptrIKN7testing16MatcherInterfaceIRKmEELN9__gnu_cxx12_Lock_policyE2EE3getEv
FN:1388,_ZNSt12__shared_ptrIKN7testing16MatcherInterfaceIRKmEELN9__gnu_cxx12_Lock_policyE2EE31_M_enable_shared_from_this_withIS5_S4_EENSt9enable_ifIXntsrNS8_15__has_esft_baseIT0_vEE5valueEvE4typeEPT_
FNDA:0,_ZNSt12__shared_ptrIKN7testing16MatcherInterfaceIRKmEELN9__gnu_cxx12_Lock_policyE2EE31_M_enable_shared_from_this_withIS5_S4_EENSt9enable_ifIXntsrNS8_15__has_esft_baseIT0_vEE5valueEvE4typeEPT_
FN:1388,_ZNSt12__shared_ptrIKN7testing16MatcherInterfaceIRKdEELN9__gnu_cxx12_Lock_policyE2EE31_M_enable_shared_from_this_withIS5_S4_EENSt9enable_ifIXntsrNS8_15__has_esft_baseIT0_vEE5valueEvE4typeEPT_
FNDA:0,_ZNSt12__shared_ptrIKN7testing16MatcherInterfaceIRKdEELN9__gnu_cxx12_Lock_policyE2EE31_M_enable_shared_from_this_withIS5_S4_EENSt9enable_ifIXntsrNS8_15__has_esft_baseIT0_vEE5valueEvE4typeEPT_
DA:117,0
DA:118,0
DA:121,0
DA:122,0
DA:121,0
DA:122,0
DA:131,0
DA:132,0
DA:148,0
DA:152,0
DA:155,0
DA:167,0
DA:168,0
DA:171,0
DA:174,0
DA:372,0
DA:373,0
DA:372,0
DA:373,0
DA:376,0
DA:377,0
DA:376,0
DA:377,0
DA:380,0
DA:381,0
DA:380,0
DA:381,0
DA:384,0
DA:385,0
DA:384,0
DA:385,0
DA:621,0
DA:625,0
DA:627,0
DA:629,0
DA:630,0
DA:632,0
DA:621,0
DA:625,0
DA:627,0
DA:629,0
DA:630,0
DA:632,0
DA:635,0
DA:636,0
DA:637,0
DA:635,0
DA:636,0
DA:637,0
DA:727,0
DA:729,0
DA:730,0
DA:731,0
DA:1012,0
DA:1015,0
DA:1012,0
DA:1015,0
DA:1020,0
DA:1021,0
DA:1020,0
DA:1021,0
DA:1124,0
DA:1125,0
DA:1129,0
DA:1130,0
DA:1124,0
DA:1125,0
DA:1129,0
DA:1130,0
DA:1169,0
DA:1169,0
DA:1309,0
DA:1310,0
DA:1309,0
DA:1310,0
DA:1388,0
DA:1389,0
DA:1388,0
DA:1389,0
end_of_record
SF:/usr/include/c++/9/bits/stl_uninitialized.h
FN:99,_ZNSt20__uninitialized_copyILb1EE13__uninit_copyIPKdPdEET0_T_S6_S5_
FNDA:0,_ZNSt20__uninitialized_copyILb1EE13__uninit_copyIPKdPdEET0_T_S6_S5_
FN:115,_ZSt18uninitialized_copyIPKdPdET0_T_S4_S3_
FNDA:0,_ZSt18uninitialized_copyIPKdPdET0_T_S4_S3_
FN:305,_ZSt22__uninitialized_copy_aIPKdPddET0_T_S4_S3_RSaIT1_E
FNDA:0,_ZSt22__uninitialized_copy_aIPKdPddET0_T_S4_S3_RSaIT1_E
FN:561,_ZNSt27__uninitialized_default_n_1ILb1EE18__uninit_default_nIPdmEET_S3_T0_
FNDA:9,_ZNSt27__uninitialized_default_n_1ILb1EE18__uninit_default_nIPdmEET_S3_T0_
FN:592,_ZSt25__uninitialized_default_nIPdmET_S1_T0_
FNDA:9,_ZSt25__uninitialized_default_nIPdmET_S1_T0_
FN:661,_ZSt27__uninitialized_default_n_aIPdmdET_S1_T0_RSaIT1_E
FNDA:9,_ZSt27__uninitialized_default_n_aIPdmdET_S1_T0_RSaIT1_E
DA:99,0
DA:101,0
DA:115,0
DA:134,0
DA:140,0
DA:305,0
DA:307,0
DA:561,9
DA:566,9
DA:592,9
DA:597,9
DA:601,9
DA:661,9
DA:663,9
end_of_record
SF:/usr/include/c++/9/bits/basic_string.h
FN:243,_ZNSt7__cxx1112basic_stringIcSt11char_traitsIcESaIcEE16_M_construct_auxIPcEEvT_S7_St12__false_type
FNDA:0,_ZNSt7__cxx1112basic_stringIcSt11char_traitsIcESaIcEE16_M_construct_auxIPcEEvT_S7_St12__false_type
FN:243,_ZNSt7__cxx1112basic_stringIcSt11char_traitsIcESaIcEE16_M_construct_auxIPKcEEvT_S8_St12__false_type
FNDA:0,_ZNSt7__cxx1112basic_stringIcSt11char_traitsIcESaIcEE16_M_construct_auxIPKcEEvT_S8_St12__false_type
FN:263,_ZNSt7__cxx1112basic_stringIcSt11char_traitsIcESaIcEE12_M_constructIPcEEvT_S7_
FNDA:0,_ZNSt7__cxx1112basic_stringIcSt11char_traitsIcESaIcEE12_M_constructIPcEEvT_S7_
FN:263,_ZNSt7__cxx1112basic_stringIcSt11char_traitsIcESaIcEE12_M_constructIPKcEEvT_S8_
FNDA:0,_ZNSt7__cxx1112basic_stringIcSt11char_traitsIcESaIcEE12_M_constructIPKcEEvT_S8_
FN:525,_ZNSt7__cxx1112basic_stringIcSt11char_traitsIcESaIcEEC2IS3_EEPKcRKS3_
FNDA:0,_ZNSt7__cxx1112basic_stringIcSt11char_traitsIcESaIcEEC2IS3_EEPKcRKS3_
FN:6175,_ZSteqIcSt11char_traitsIcESaIcEEbRKNSt7__cxx1112basic_stringIT_T0_T1_EEPKS5_
FNDA:0,_ZSteqIcSt11char_traitsIcESaIcEEbRKNSt7__cxx1112basic_stringIT_T0_T1_EEPKS5_
FN:6213,_ZStneIcSt11char_traitsIcESaIcEEbRKNSt7__cxx1112basic_stringIT_T0_T1_EEPKS5_
FNDA:0,_ZStneIcSt11char_traitsIcESaIcEEbRKNSt7__cxx1112basic_stringIT_T0_T1_EEPKS5_
DA:243,0
DA:247,0
DA:248,0
DA:243,0
DA:247,0
DA:248,0
DA:263,0
DA:266,0
DA:267,0
DA:263,0
DA:266,0
DA:267,0
DA:525,0
DA:526,0
DA:527,0
DA:6175,0
DA:6177,0
DA:6213,0
DA:6215,0
end_of_record
SF:/usr/local/include/gmock/gmock-matchers.h
FN:90,_ZN7testing25StringMatchResultListenerC2Ev
FNDA:0,_ZN7testing25StringMatchResultListenerC2Ev
FN:93,_ZNK7testing25StringMatchResultListener3strB5cxx11Ev
FNDA:0,_ZNK7testing25StringMatchResultListener3strB5cxx11Ev
FN:121,_ZN7testing8internal15MatcherCastImplIRKmNS0_9EqMatcherIiEEE4CastERKS5_
FNDA:0,_ZN7testing8internal15MatcherCastImplIRKmNS0_9EqMatcherIiEEE4CastERKS5_
FN:121,_ZN7testing8internal15MatcherCastImplIRKdNS0_17FloatingEqMatcherIdEEE4CastERKS5_
FNDA:0,_ZN7testing8internal15MatcherCastImplIRKdNS0_17FloatingEqMatcherIdEEE4CastERKS5_
FN:142,_ZN7testing8internal15MatcherCastImplIRKmNS0_9EqMatcherIiEEE8CastImplILb0EEENS_7MatcherIS3_EERKS5_St17integral_constantIbLb1EESC_IbXT_EE
FNDA:0,_ZN7testing8internal15MatcherCastImplIRKmNS0_9EqMatcherIiEEE8CastImplILb0EEENS_7MatcherIS3_EERKS5_St17integral_constantIbLb1EESC_IbXT_EE
FN:142,_ZN7testing8internal15MatcherCastImplIRKdNS0_17FloatingEqMatcherIdEEE8CastImplILb0EEENS_7MatcherIS3_EERKS5_St17integral_constantIbLb1EESC_IbXT_EE
FNDA:0,_ZN7testing8internal15MatcherCastImplIRKdNS0_17FloatingEqMatcherIdEEE8CastImplILb0EEENS_7MatcherIS3_EERKS5_St17integral_constantIbLb1EESC_IbXT_EE
FN:259,_ZN7testing19SafeMatcherCastImplIRKmE4CastINS_8internal9EqMatcherIiEEEENS_7MatcherIS2_EERKT_
FNDA:0,_ZN7testing19SafeMatcherCastImplIRKmE4CastINS_8internal9EqMatcherIiEEEENS_7MatcherIS2_EERKT_
FN:259,_ZN7testing19SafeMatcherCastImplIRKdE4CastINS_8internal17FloatingEqMatcherIdEEEENS_7MatcherIS2_EERKT_
FNDA:0,_ZN7testing19SafeMatcherCastImplIRKdE4CastINS_8internal17FloatingEqMatcherIdEEEENS_7MatcherIS2_EERKT_
FN:297,_ZN7testing15SafeMatcherCastIRKmNS_8internal9EqMatcherIiEEEENS_7MatcherIT_EERKT0_
FNDA:0,_ZN7testing15SafeMatcherCastIRKmNS_8internal9EqMatcherIiEEEENS_7MatcherIT_EERKT0_
FN:297,_ZN7testing15SafeMatcherCastIRKdNS_8internal17FloatingEqMatcherIdEEEENS_7MatcherIT_EERKT0_
FNDA:0,_ZN7testing15SafeMatcherCastIRKdNS_8internal17FloatingEqMatcherIdEEEENS_7MatcherIT_EERKT0_
FN:310,_ZN7testing8internal15PrintIfNotEmptyERKNSt7__cxx1112basic_stringIcSt11char_traitsIcESaIcEEEPSo
FNDA:0,_ZN7testing8internal15PrintIfNotEmptyERKNSt7__cxx1112basic_stringIcSt11char_traitsIcESaIcEEEPSo
FN:320,_ZN7testing8internal18IsReadableTypeNameERKNSt7__cxx1112basic_stringIcSt11char_traitsIcESaIcEEE
FNDA:0,_ZN7testing8internal18IsReadableTypeNameERKNSt7__cxx1112basic_stringIcSt11char_traitsIcESaIcEEE
FN:333,_ZN7testing8internal20MatchPrintAndExplainIKmRS2_EEbRT_RKNS_7MatcherIT0_EEPNS_19MatchResultListenerE
FNDA:0,_ZN7testing8internal20MatchPrintAndExplainIKmRS2_EEbRT_RKNS_7MatcherIT0_EEPNS_19MatchResultListenerE
FN:333,_ZN7testing8internal20MatchPrintAndExplainIKdRS2_EEbRT_RKNS_7MatcherIT0_EEPNS_19MatchResultListenerE
FNDA:0,_ZN7testing8internal20MatchPrintAndExplainIKdRS2_EEbRT_RKNS_7MatcherIT0_EEPNS_19MatchResultListenerE
FN:1295,_ZN7testing8internal29PredicateFormatterFromMatcherINS0_9EqMatcherIiEEEC2ES3_
FNDA:0,_ZN7testing8internal29PredicateFormatterFromMatcherINS0_9EqMatcherIiEEEC2ES3_
FN:1295,_ZN7testing8internal29PredicateFormatterFromMatcherINS0_17FloatingEqMatcherIdEEEC2ES3_
FNDA:0,_ZN7testing8internal29PredicateFormatterFromMatcherINS0_17FloatingEqMatcherIdEEEC2ES3_
FN:1301,_ZNK7testing8internal29PredicateFormatterFromMatcherINS0_9EqMatcherIiEEEclImEENS_15AssertionResultEPKcRKT_
FNDA:0,_ZNK7testing8internal29PredicateFormatterFromMatcherINS0_9EqMatcherIiEEEclImEENS_15AssertionResultEPKcRKT_
FN:1301,_ZNK7testing8internal29PredicateFormatterFromMatcherINS0_17FloatingEqMatcherIdEEEclIdEENS_15AssertionResultEPKcRKT_
FNDA:0,_ZNK7testing8internal29PredicateFormatterFromMatcherINS0_17FloatingEqMatcherIdEEEclIdEENS_15AssertionResultEPKcRKT_
FN:1348,_ZN7testing8internal33MakePredicateFormatterFromMatcherINS0_9EqMatcherIiEEEENS0_29PredicateFormatterFromMatcherIT_EES5_
FNDA:0,_ZN7testing8internal33MakePredicateFormatterFromMatcherINS0_9EqMatcherIiEEEENS0_29PredicateFormatterFromMatcherIT_EES5_
FN:1348,_ZN7testing8internal33MakePredicateFormatterFromMatcherINS0_17FloatingEqMatcherIdEEEENS0_29PredicateFormatterFromMatcherIT_EES5_
FNDA:0,_ZN7testing8internal33MakePredicateFormatterFromMatcherINS0_17FloatingEqMatcherIdEEEENS0_29PredicateFormatterFromMatcherIT_EES5_
FN:1372,_ZN7testing8internal17FloatingEqMatcherIdEC2Edbd
FNDA:0,_ZN7testing8internal17FloatingEqMatcherIdEC2Edbd
FN:1385,_ZN7testing8internal17FloatingEqMatcherIdE4ImplIRKdEC2Edbd
FNDA:0,_ZN7testing8internal17FloatingEqMatcherIdE4ImplIRKdEC2Edbd
FN:1390,_ZNK7testing8internal17FloatingEqMatcherIdE4ImplIRKdE15MatchAndExplainES5_PNS_19MatchResultListenerE
FNDA:0,_ZNK7testing8internal17FloatingEqMatcherIdE4ImplIRKdE15MatchAndExplainES5_PNS_19MatchResultListenerE
FN:1425,_ZNK7testing8internal17FloatingEqMatcherIdE4ImplIRKdE10DescribeToEPSo
FNDA:0,_ZNK7testing8internal17FloatingEqMatcherIdE4ImplIRKdE10DescribeToEPSo
FN:1446,_ZNK7testing8internal17FloatingEqMatcherIdE4ImplIRKdE18DescribeNegationToEPSo
FNDA:0,_ZNK7testing8internal17FloatingEqMatcherIdE4ImplIRKdE18DescribeNegationToEPSo
FN:1467,_ZNK7testing8internal17FloatingEqMatcherIdE4ImplIRKdE14HasMaxAbsErrorEv
FNDA:0,_ZNK7testing8internal17FloatingEqMatcherIdE4ImplIRKdE14HasMaxAbsErrorEv
FN:1490,_ZNK7testing8internal17FloatingEqMatcherIdEcvNS_7MatcherIRKdEEEv
FNDA:0,_ZNK7testing8internal17FloatingEqMatcherIdEcvNS_7MatcherIRKdEEEv
FN:3644,_ZN7testing10DoubleNearEdd
FNDA:0,_ZN7testing10DoubleNearEdd
DA:90,0
DA:93,0
DA:121,0
DA:137,0
DA:121,0
DA:137,0
DA:142,0
DA:153,0
DA:142,0
DA:153,0
DA:259,0
DA:260,0
DA:259,0
DA:260,0
DA:297,0
DA:298,0
DA:297,0
DA:298,0
DA:310,0
DA:312,0
DA:313,0
DA:315,0
DA:320,0
DA:323,0
DA:324,0
DA:333,0
DA:335,0
DA:338,0
DA:341,0
DA:342,0
DA:344,0
DA:346,0
DA:347,0
DA:348,0
DA:350,0
DA:352,0
DA:333,0
DA:335,0
DA:338,0
DA:341,0
DA:342,0
DA:344,0
DA:346,0
DA:347,0
DA:348,0
DA:350,0
DA:352,0
DA:1295,0
DA:1295,0
DA:1301,0
DA:1313,0
DA:1317,0
DA:1318,0
DA:1321,0
DA:1323,0
DA:1324,0
DA:1327,0
DA:1328,0
DA:1329,0
DA:1332,0
DA:1333,0
DA:1301,0
DA:1313,0
DA:1317,0
DA:1318,0
DA:1321,0
DA:1323,0
DA:1324,0
DA:1327,0
DA:1328,0
DA:1329,0
DA:1332,0
DA:1333,0
DA:1348,0
DA:1349,0
DA:1348,0
DA:1349,0
DA:1372,0
DA:1376,0
DA:1377,0
DA:1378,0
DA:1379,0
DA:1385,0
DA:1388,0
DA:1390,0
DA:1392,0
DA:1395,0
DA:1396,0
DA:1397,0
DA:1400,0
DA:1402,0
DA:1407,0
DA:1408,0
DA:1411,0
DA:1412,0
DA:1413,0
DA:1416,0
DA:1417,0
DA:1419,0
DA:1421,0
DA:1425,0
DA:1429,0
DA:1431,0
DA:1432,0
DA:1433,0
DA:1435,0
DA:1438,0
DA:1439,0
DA:1440,0
DA:1443,0
DA:1444,0
DA:1446,0
DA:1448,0
DA:1450,0
DA:1451,0
DA:1452,0
DA:1454,0
DA:1457,0
DA:1458,0
DA:1459,0
DA:1463,0
DA:1464,0
DA:1467,0
DA:1468,0
DA:1490,0
DA:1492,0
DA:3644,0
DA:3646,0
end_of_record
